2026-03-19 17:49:23,514 [INFO] ✅ 기초 자료 및 매핑 로드 완료 (Mode: DAILY, Target Date: 2026-03-16)
2026-03-19 17:49:23,514 [INFO] 🚀 일일 변동분 수집 시작 (2026-03-16 기준)
2026-03-19 17:49:23,515 [INFO] 🔎 [1] 행정안전부_식품_즉석판매제조가공업 조회서비스 조회 중...
2026-03-19 17:49:31,468 [INFO]    ... 20/1494 페이지 로드 중...
2026-03-19 17:49:37,361 [INFO]    ... 40/1494 페이지 로드 중...
2026-03-19 17:49:43,962 [INFO]    ... 60/1494 페이지 로드 중...
2026-03-19 17:49:51,724 [INFO]    ... 80/1494 페이지 로드 중...
2026-03-19 17:50:00,200 [INFO]    ... 100/1494 페이지 로드 중...
2026-03-19 17:50:24,851 [INFO]    ... 120/1494 페이지 로드 중...
2026-03-19 17:50:34,319 [INFO]    ... 140/1494 페이지 로드 중...
2026-03-19 17:50:43,510 [INFO]    ... 160/1494 페이지 로드 중...
2026-03-19 17:50:57,042 [INFO]    ... 180/1494 페이지 로드 중...
2026-03-19 17:51:26,625 [INFO]    ... 200/1494 페이지 로드 중...
2026-03-19 17:51:47,225 [INFO]    ... 220/1494 페이지 로드 중...
2026-03-19 17:52:28,379 [INFO]    ... 240/1494 페이지 로드 중...
2026-03-19 17:52:52,989 [INFO]    ... 260/1494 페이지 로드 중...
2026-03-19 17:53:20,097 [INFO]    ... 280/1494 페이지 로드 중...
2026-03-19 17:53:42,038 [INFO]    ... 300/1494 페이지 로드 중...
2026-03-19 17:54:11,229 [INFO]    ... 320/1494 페이지 로드 중...
2026-03-19 17:54:34,062 [INFO]    ... 340/1494 페이지 로드 중...
2026-03-19 17:54:59,825 [INFO]    ... 360/1494 페이지 로드 중...
2026-03-19 17:55:26,389 [INFO]    ... 380/1494 페이지 로드 중...
2026-03-19 17:55:59,132 [INFO]    ... 400/1494 페이지 로드 중...
2026-03-19 17:56:19,216 [INFO]    ... 420/1494 페이지 로드 중...
2026-03-19 17:57:07,118 [INFO] ✅ 기초 자료 및 매핑 로드 완료 (Mode: DAILY, Target Date: 2026-03-16, Workers: 10)
2026-03-19 17:57:07,119 [INFO] 🚀 일일 변동분 수집 시작 (2026-03-16 기준)
2026-03-19 17:57:07,119 [INFO] 🔎 [1] 행정안전부_식품_즉석판매제조가공업 조회서비스 조회 중...
2026-03-19 17:57:07,249 [INFO]    ... 총 746633건, 1494 페이지 처리 시작 (Workers: 10)
2026-03-19 17:57:08,047 [INFO]       ... 1/1494 페이지 진행 중...
2026-03-19 17:57:10,500 [INFO]       ... 41/1494 페이지 진행 중...
2026-03-19 17:57:14,066 [INFO]       ... 81/1494 페이지 진행 중...
2026-03-19 17:57:18,902 [INFO]       ... 121/1494 페이지 진행 중...
2026-03-19 17:57:23,279 [INFO]       ... 161/1494 페이지 진행 중...
2026-03-19 17:57:27,166 [INFO]       ... 201/1494 페이지 진행 중...
2026-03-19 17:57:33,161 [INFO]       ... 241/1494 페이지 진행 중...
2026-03-19 17:57:38,525 [INFO]       ... 281/1494 페이지 진행 중...
2026-03-19 17:57:42,201 [INFO]       ... 321/1494 페이지 진행 중...
2026-03-19 17:57:46,196 [INFO]       ... 361/1494 페이지 진행 중...
2026-03-19 17:57:50,600 [INFO]       ... 401/1494 페이지 진행 중...
2026-03-19 17:57:56,408 [INFO]       ... 441/1494 페이지 진행 중...
2026-03-19 17:58:02,858 [INFO]       ... 481/1494 페이지 진행 중...
2026-03-19 17:58:10,439 [INFO]       ... 521/1494 페이지 진행 중...
2026-03-19 17:58:17,456 [INFO]       ... 561/1494 페이지 진행 중...
2026-03-19 17:58:26,498 [INFO]       ... 601/1494 페이지 진행 중...
2026-03-19 17:58:34,016 [INFO]       ... 641/1494 페이지 진행 중...
2026-03-19 17:58:42,167 [INFO]       ... 681/1494 페이지 진행 중...
2026-03-19 17:58:50,041 [INFO]       ... 721/1494 페이지 진행 중...
2026-03-19 17:58:58,156 [INFO]       ... 761/1494 페이지 진행 중...
2026-03-19 17:59:06,049 [INFO]       ... 801/1494 페이지 진행 중...
2026-03-19 17:59:16,019 [INFO]       ... 841/1494 페이지 진행 중...
2026-03-19 17:59:24,702 [INFO]       ... 881/1494 페이지 진행 중...
2026-03-19 17:59:33,826 [INFO]       ... 921/1494 페이지 진행 중...
2026-03-19 17:59:43,310 [INFO]       ... 961/1494 페이지 진행 중...
2026-03-19 17:59:53,286 [INFO]       ... 1001/1494 페이지 진행 중...
2026-03-19 18:00:07,383 [INFO]       ... 1041/1494 페이지 진행 중...
2026-03-19 18:00:26,162 [INFO]       ... 1081/1494 페이지 진행 중...
2026-03-19 18:00:43,464 [INFO]       ... 1121/1494 페이지 진행 중...
2026-03-19 18:01:06,874 [INFO]       ... 1161/1494 페이지 진행 중...
2026-03-19 18:01:25,883 [INFO]       ... 1201/1494 페이지 진행 중...
2026-03-19 18:01:46,474 [INFO]       ... 1241/1494 페이지 진행 중...
2026-03-19 18:02:04,217 [INFO]       ... 1281/1494 페이지 진행 중...
2026-03-19 18:02:20,146 [INFO]       ... 1321/1494 페이지 진행 중...
2026-03-19 18:02:35,368 [INFO]       ... 1361/1494 페이지 진행 중...
2026-03-19 18:02:53,239 [INFO]       ... 1401/1494 페이지 진행 중...
2026-03-19 18:03:10,474 [INFO]       ... 1441/1494 페이지 진행 중...
2026-03-19 18:03:23,858 [INFO]       ... 1481/1494 페이지 진행 중...
2026-03-19 18:03:23,861 [INFO]    ℹ️ 변동 사항 없음
2026-03-19 18:03:24,164 [INFO] 🔎 [2] 행정안전부_식품_집단급식소식품판매업 조회 중...
2026-03-19 18:03:24,286 [INFO]    ... 총 23833건, 48 페이지 처리 시작 (Workers: 10)
2026-03-19 18:03:24,940 [INFO]       ... 1/48 페이지 진행 중...
2026-03-19 18:03:25,938 [INFO]       ... 41/48 페이지 진행 중...
2026-03-19 18:03:25,938 [INFO]    ℹ️ 변동 사항 없음
2026-03-19 18:03:26,244 [INFO] 🔎 [3] 행정안전부_식품_집유업 조회서비스 조회 중...
2026-03-19 18:03:26,331 [INFO]    ... 총 89건, 1 페이지 처리 시작 (Workers: 10)
2026-03-19 18:03:26,410 [INFO]       ... 1/1 페이지 진행 중...
2026-03-19 18:03:26,412 [INFO]    ℹ️ 변동 사항 없음
2026-03-19 18:03:26,717 [INFO] 🔎 [4] 행정안전부_식품_축산가공업 조회서비스 조회 중...
2026-03-19 18:03:27,194 [INFO]    ... 총 12001건, 25 페이지 처리 시작 (Workers: 10)
2026-03-19 18:03:27,895 [INFO]       ... 1/25 페이지 진행 중...
2026-03-19 18:03:28,131 [INFO]    ℹ️ 변동 사항 없음
2026-03-19 18:03:28,443 [INFO] 🔎 [135] 행정안전부_기타_담배수입판매업체 조회서비스 조회 중...
2026-03-19 18:03:59,352 [INFO]    ℹ️ 변동 사항 없음
2026-03-19 18:03:59,656 [WARNING] ⚠️ 오늘(타겟 날짜)의 변동 데이터가 없습니다.
2026-03-19 18:03:59,657 [INFO] 🏁 작업 종료.
2026-03-20 01:06:50,473 [INFO] ✅ 기초 자료 및 매핑 로드 완료 (Mode: DAILY, Target Date: 2026-03-17, Workers: 10)
2026-03-20 01:06:50,473 [INFO] 🚀 일일 변동분 수집 시작 (2026-03-17 기준)
2026-03-20 01:06:50,474 [INFO] 🔎 [1] 행정안전부_식품_즉석판매제조가공업 조회서비스 조회 중...
2026-03-20 01:06:51,816 [INFO]    ... 총 746825건, 1494 페이지 처리 시작 (Workers: 10)
2026-03-20 01:07:01,442 [INFO]       ... 1/1494 페이지 진행 중...
2026-03-20 01:07:22,714 [INFO]       ... 41/1494 페이지 진행 중...
2026-03-20 01:07:37,648 [INFO]       ... 81/1494 페이지 진행 중...
2026-03-20 01:07:45,056 [INFO]       ... 121/1494 페이지 진행 중...
2026-03-20 01:07:50,726 [INFO]       ... 161/1494 페이지 진행 중...
2026-03-20 01:07:57,001 [INFO]       ... 201/1494 페이지 진행 중...
2026-03-20 01:08:05,110 [INFO]       ... 241/1494 페이지 진행 중...
2026-03-20 01:08:15,770 [INFO]       ... 281/1494 페이지 진행 중...
2026-03-20 01:08:32,120 [INFO]       ... 321/1494 페이지 진행 중...
2026-03-20 01:08:44,017 [INFO]       ... 361/1494 페이지 진행 중...
2026-03-20 01:08:54,237 [INFO]       ... 401/1494 페이지 진행 중...
2026-03-20 01:09:07,920 [INFO]       ... 441/1494 페이지 진행 중...
2026-03-20 01:09:18,829 [INFO]       ... 481/1494 페이지 진행 중...
2026-03-20 01:09:30,387 [INFO]       ... 521/1494 페이지 진행 중...
2026-03-20 01:09:39,759 [INFO]       ... 561/1494 페이지 진행 중...
2026-03-20 01:09:51,317 [INFO]       ... 601/1494 페이지 진행 중...
2026-03-20 01:10:05,533 [INFO]       ... 641/1494 페이지 진행 중...
2026-03-20 01:10:22,918 [INFO]       ... 681/1494 페이지 진행 중...
2026-03-20 01:10:40,387 [INFO]       ... 721/1494 페이지 진행 중...
2026-03-20 01:10:53,849 [INFO]       ... 761/1494 페이지 진행 중...
2026-03-20 01:11:05,765 [INFO]       ... 801/1494 페이지 진행 중...
2026-03-20 01:11:17,654 [INFO]       ... 841/1494 페이지 진행 중...
2026-03-20 01:11:30,150 [INFO]       ... 881/1494 페이지 진행 중...
2026-03-20 01:11:47,478 [INFO]       ... 921/1494 페이지 진행 중...
2026-03-20 01:12:02,829 [INFO]       ... 961/1494 페이지 진행 중...
2026-03-20 01:12:21,671 [INFO]       ... 1001/1494 페이지 진행 중...
2026-03-20 01:12:40,624 [INFO]       ... 1041/1494 페이지 진행 중...
2026-03-20 01:12:58,563 [INFO]       ... 1081/1494 페이지 진행 중...
2026-03-20 01:13:15,519 [INFO]       ... 1121/1494 페이지 진행 중...
2026-03-20 01:13:31,947 [INFO]       ... 1161/1494 페이지 진행 중...
2026-03-20 01:13:46,815 [INFO]       ... 1201/1494 페이지 진행 중...
2026-03-20 01:14:11,798 [INFO]       ... 1241/1494 페이지 진행 중...
2026-03-20 01:14:29,170 [INFO]       ... 1281/1494 페이지 진행 중...
2026-03-20 01:14:48,451 [INFO]       ... 1321/1494 페이지 진행 중...
2026-03-20 01:15:05,713 [INFO]       ... 1361/1494 페이지 진행 중...
2026-03-20 01:15:31,053 [INFO]       ... 1401/1494 페이지 진행 중...
2026-03-20 01:15:51,816 [INFO]       ... 1441/1494 페이지 진행 중...
2026-03-20 01:16:12,683 [INFO]       ... 1481/1494 페이지 진행 중...
2026-03-20 01:16:12,684 [INFO]    ℹ️ 변동 사항 없음
2026-03-20 01:16:12,985 [INFO] 🔎 [2] 행정안전부_식품_집단급식소식품판매업 조회 중...
2026-03-20 01:16:13,486 [INFO]    ... 총 23840건, 48 페이지 처리 시작 (Workers: 10)
2026-03-20 01:16:18,177 [INFO]       ... 1/48 페이지 진행 중...
2026-03-20 01:16:23,531 [INFO]       ... 41/48 페이지 진행 중...
2026-03-20 01:16:23,532 [INFO]    ℹ️ 변동 사항 없음
2026-03-20 01:16:23,833 [INFO] 🔎 [3] 행정안전부_식품_집유업 조회서비스 조회 중...
2026-03-20 01:16:26,489 [INFO]    ... 총 89건, 1 페이지 처리 시작 (Workers: 10)
2026-03-20 01:16:26,967 [INFO]       ... 1/1 페이지 진행 중...
2026-03-20 01:16:26,968 [INFO]    ℹ️ 변동 사항 없음
2026-03-20 01:16:27,269 [INFO] 🔎 [4] 행정안전부_식품_축산가공업 조회서비스 조회 중...
2026-03-20 01:16:28,394 [INFO]    ... 총 12003건, 25 페이지 처리 시작 (Workers: 10)
2026-03-20 01:16:31,189 [INFO]       ... 1/25 페이지 진행 중...
2026-03-20 01:16:32,756 [INFO]    ℹ️ 변동 사항 없음
2026-03-20 01:16:33,067 [INFO] 🔎 [135] 행정안전부_기타_담배수입판매업체 조회서비스 조회 중...
2026-03-20 01:17:08,301 [INFO]    ℹ️ 변동 사항 없음
2026-03-20 01:17:08,603 [WARNING] ⚠️ 오늘(타겟 날짜)의 변동 데이터가 없습니다.
2026-03-20 01:17:08,603 [INFO] 🏁 작업 종료.
2026-03-20 11:23:12,512 [INFO] ✅ 기초 자료 및 매핑 로드 완료 (Mode: DAILY, Target Date: 2026-03, Workers: 10)
2026-03-20 11:23:12,512 [INFO] 🚀 일일 변동분 수집 시작 (2026-03 기준)
2026-03-20 11:23:12,512 [INFO] 🔎 [1] 행정안전부_문화_게임물제작업 조회서비스 조회 중...
2026-03-20 11:23:14,778 [INFO]    ... 총 13287건, 27 페이지 처리 시작 (Workers: 10)
2026-03-20 11:23:17,733 [INFO]       ... 1/27 페이지 진행 중...
2026-03-20 11:23:19,407 [INFO]    ✅ 118건 저장 완료
2026-03-20 11:23:19,713 [INFO] 🔎 [2] 행정안전부_문화_복합영상물제공업 조회서비스 조회 중...
2026-03-20 11:23:21,980 [INFO]    ... 총 99건, 1 페이지 처리 시작 (Workers: 10)
2026-03-20 11:23:23,813 [INFO]       ... 1/1 페이지 진행 중...
2026-03-20 11:23:23,815 [INFO]    ℹ️ 변동 사항 없음
2026-03-20 11:23:24,121 [INFO] 🔎 [3] 행정안전부_문화_복합유통게임제공업 조회서비스 조회 중...
2026-03-20 11:23:25,636 [INFO]    ... 총 7570건, 16 페이지 처리 시작 (Workers: 10)
2026-03-20 11:23:29,761 [INFO]       ... 1/16 페이지 진행 중...
2026-03-20 11:23:29,766 [INFO]    ✅ 4건 저장 완료
2026-03-20 11:23:30,072 [INFO] 🔎 [4] 행정안전부_문화_인터넷컴퓨터게임시설제공업 조회서비스 조회 중...
2026-03-20 11:23:31,859 [INFO]    ... 총 80948건, 162 페이지 처리 시작 (Workers: 10)
2026-03-20 11:23:36,818 [INFO]       ... 1/162 페이지 진행 중...
2026-03-20 11:23:47,075 [INFO]       ... 41/162 페이지 진행 중...
2026-03-20 11:23:58,492 [INFO]       ... 81/162 페이지 진행 중...
2026-03-20 11:24:07,281 [INFO]       ... 121/162 페이지 진행 중...
2026-03-20 11:24:11,932 [INFO]       ... 161/162 페이지 진행 중...
2026-03-20 11:24:11,964 [INFO]    ✅ 1831건 저장 완료
2026-03-20 11:24:12,269 [INFO] 🔎 [5] 행정안전부_문화_청소년게임제공업 조회서비스 조회 중...
2026-03-20 11:24:13,053 [INFO]    ... 총 29978건, 60 페이지 처리 시작 (Workers: 10)
2026-03-20 11:24:15,091 [INFO]       ... 1/60 페이지 진행 중...
2026-03-20 11:24:18,750 [INFO]       ... 41/60 페이지 진행 중...
2026-03-20 11:24:18,759 [INFO]    ✅ 314건 저장 완료
2026-03-20 11:24:19,065 [INFO] 🔎 [6] 행정안전부_문화_공연장 조회서비스 조회 중...
2026-03-20 11:24:19,181 [INFO]    ... 총 2805건, 6 페이지 처리 시작 (Workers: 10)
2026-03-20 11:24:20,076 [INFO]       ... 1/6 페이지 진행 중...
2026-03-20 11:24:20,078 [INFO]    ✅ 153건 저장 완료
2026-03-20 11:24:20,384 [INFO] 🔎 [7] 행정안전부_문화_관광공연장업 조회서비스 조회 중...
2026-03-20 11:24:20,463 [INFO]    ... 총 29건, 1 페이지 처리 시작 (Workers: 10)
2026-03-20 11:24:21,942 [INFO]       ... 1/1 페이지 진행 중...
2026-03-20 11:24:21,948 [INFO]    ✅ 2건 저장 완료
2026-03-20 11:24:22,254 [INFO] 🔎 [8] 행정안전부_문화_관광극장유흥업 조회서비스 조회 중...
2026-03-20 11:24:23,194 [INFO]    ... 총 185건, 1 페이지 처리 시작 (Workers: 10)
2026-03-20 11:24:23,296 [INFO]       ... 1/1 페이지 진행 중...
2026-03-20 11:24:23,299 [INFO]    ✅ 6건 저장 완료
2026-03-20 11:24:23,616 [INFO] 📦 결과물 압축 중... (LOCALDATA_DAILY_202603.zip)
2026-03-20 11:24:23,647 [INFO] ✨ 최종 압축 완료: /Users/heebonpark/Downloads/내프로젝트모음/미스터리쇼핑_지도적용/data/LOCALDATA_DAILY_202603.zip
2026-03-20 11:24:23,647 [INFO] 🏁 작업 종료.
2026-03-20 11:24:24,985 [INFO] ✅ 기초 자료 및 매핑 로드 완료 (Mode: DAILY, Target Date: 2026-03, Workers: 10)
2026-03-20 11:24:24,985 [INFO] 🚀 일일 변동분 수집 시작 (2026-03 기준)
2026-03-20 11:24:24,985 [INFO] 🔎 [1] 행정안전부_문화_게임물제작업 조회서비스 조회 중...
2026-03-20 11:24:25,328 [INFO]    ... 총 13287건, 27 페이지 처리 시작 (Workers: 10)
2026-03-20 11:24:29,017 [INFO]       ... 1/27 페이지 진행 중...
2026-03-20 11:24:30,299 [INFO]    ✅ 118건 저장 완료
2026-03-20 11:24:30,600 [INFO] 🔎 [2] 행정안전부_문화_복합영상물제공업 조회서비스 조회 중...
2026-03-20 11:24:31,383 [INFO]    ... 총 99건, 1 페이지 처리 시작 (Workers: 10)
2026-03-20 11:24:31,470 [INFO]       ... 1/1 페이지 진행 중...
2026-03-20 11:24:31,471 [INFO]    ℹ️ 변동 사항 없음
2026-03-20 11:24:31,776 [INFO] 🔎 [3] 행정안전부_문화_복합유통게임제공업 조회서비스 조회 중...
2026-03-20 11:24:33,294 [INFO]    ... 총 7570건, 16 페이지 처리 시작 (Workers: 10)
2026-03-20 11:24:34,732 [INFO]       ... 1/16 페이지 진행 중...
2026-03-20 11:24:34,736 [INFO]    ✅ 4건 저장 완료
2026-03-20 11:24:35,038 [INFO] 🔎 [4] 행정안전부_문화_인터넷컴퓨터게임시설제공업 조회서비스 조회 중...
2026-03-20 11:24:35,149 [INFO]    ... 총 80948건, 162 페이지 처리 시작 (Workers: 10)
2026-03-20 11:24:39,000 [INFO]       ... 1/162 페이지 진행 중...
2026-03-20 11:24:43,913 [INFO]       ... 41/162 페이지 진행 중...
2026-03-20 11:24:51,870 [INFO]       ... 81/162 페이지 진행 중...
2026-03-20 11:24:58,931 [INFO]       ... 121/162 페이지 진행 중...
2026-03-20 11:25:02,164 [INFO]       ... 161/162 페이지 진행 중...
2026-03-20 11:25:02,199 [INFO]    ✅ 1831건 저장 완료
2026-03-20 11:25:02,500 [INFO] 🔎 [5] 행정안전부_문화_청소년게임제공업 조회서비스 조회 중...
2026-03-20 11:25:02,628 [INFO]    ... 총 29978건, 60 페이지 처리 시작 (Workers: 10)
2026-03-20 11:25:04,370 [INFO]       ... 1/60 페이지 진행 중...
2026-03-20 11:25:06,789 [INFO]       ... 41/60 페이지 진행 중...
2026-03-20 11:25:06,803 [INFO]    ✅ 314건 저장 완료
2026-03-20 11:25:07,108 [INFO] 🔎 [6] 행정안전부_문화_공연장 조회서비스 조회 중...
2026-03-20 11:25:07,214 [INFO]    ... 총 2805건, 6 페이지 처리 시작 (Workers: 10)
2026-03-20 11:25:07,949 [INFO]       ... 1/6 페이지 진행 중...
2026-03-20 11:25:07,958 [INFO]    ✅ 153건 저장 완료
2026-03-20 11:25:08,259 [INFO] 🔎 [7] 행정안전부_문화_관광공연장업 조회서비스 조회 중...
2026-03-20 11:25:08,328 [INFO]    ... 총 29건, 1 페이지 처리 시작 (Workers: 10)
2026-03-20 11:25:09,148 [INFO]       ... 1/1 페이지 진행 중...
2026-03-20 11:25:09,154 [INFO]    ✅ 2건 저장 완료
2026-03-20 11:25:09,456 [INFO] 🔎 [8] 행정안전부_문화_관광극장유흥업 조회서비스 조회 중...
2026-03-20 11:25:10,443 [INFO]    ... 총 185건, 1 페이지 처리 시작 (Workers: 10)
2026-03-20 11:25:11,572 [INFO]       ... 1/1 페이지 진행 중...
2026-03-20 11:25:11,577 [INFO]    ✅ 6건 저장 완료
2026-03-20 11:25:11,893 [INFO] 📦 결과물 압축 중... (LOCALDATA_DAILY_202603.zip)
2026-03-20 11:25:11,924 [INFO] ✨ 최종 압축 완료: /Users/heebonpark/Downloads/내프로젝트모음/미스터리쇼핑_지도적용/data/LOCALDATA_DAILY_202603.zip
2026-03-20 11:25:11,924 [INFO] 🏁 작업 종료.
2026-03-21 01:02:32,731 [INFO] ✅ 기초 자료 및 매핑 로드 완료 (Mode: DAILY, Target Date: 2026-03-18, Workers: 10)
2026-03-21 01:02:32,731 [INFO] 🚀 일일 변동분 수집 시작 (2026-03-18 기준)
2026-03-21 01:02:32,731 [INFO] 🔎 [1] 행정안전부_생활_체력단련장업 조회서비스 조회 중...
2026-03-21 01:02:34,131 [INFO]    ... 총 27349건, 55 페이지 처리 시작 (Workers: 10)
2026-03-21 01:02:37,368 [INFO]       ... 1/55 페이지 진행 중...
2026-03-21 01:02:44,737 [INFO]       ... 41/55 페이지 진행 중...
2026-03-21 01:02:44,737 [INFO]    ℹ️ 변동 사항 없음
2026-03-21 01:02:45,038 [INFO] 🔎 [2] 행정안전부_생활_체육도장업 조회서비스 조회 중...
2026-03-21 01:02:45,632 [INFO]    ... 총 32500건, 65 페이지 처리 시작 (Workers: 10)
2026-03-21 01:02:48,056 [INFO]       ... 1/65 페이지 진행 중...
2026-03-21 01:02:54,617 [INFO]       ... 41/65 페이지 진행 중...
2026-03-21 01:02:56,701 [INFO]    ℹ️ 변동 사항 없음
2026-03-21 01:02:57,002 [INFO] 🔎 [3] 행정안전부_생활_목욕장업 조회서비스 조회 중...
2026-03-21 01:02:59,023 [INFO]    ... 총 17702건, 36 페이지 처리 시작 (Workers: 10)
2026-03-21 01:03:01,563 [INFO]       ... 1/36 페이지 진행 중...
2026-03-21 01:03:04,065 [INFO]    ✅ 1건 저장 완료
2026-03-21 01:03:04,366 [INFO] 🔎 [4] 행정안전부_자원환경_목재수입유통업 조회서비스 조회 중...
2026-03-21 01:03:04,866 [INFO]    ... 총 3395건, 7 페이지 처리 시작 (Workers: 10)
2026-03-21 01:03:06,076 [INFO]       ... 1/7 페이지 진행 중...
2026-03-21 01:03:06,076 [INFO]    ℹ️ 변동 사항 없음
2026-03-21 01:03:06,377 [INFO] 🔎 [5] 행정안전부_자원환경_원목생산업 조회서비스 조회 중...
2026-03-21 01:03:06,874 [INFO]    ... 총 3568건, 8 페이지 처리 시작 (Workers: 10)
2026-03-21 01:03:08,176 [INFO]       ... 1/8 페이지 진행 중...
2026-03-21 01:03:08,177 [INFO]    ℹ️ 변동 사항 없음
2026-03-21 01:03:08,478 [INFO] 🔎 [6] 행정안전부_자원환경_제재업 조회서비스 조회 중...
2026-03-21 01:03:10,322 [INFO]    ... 총 2833건, 6 페이지 처리 시작 (Workers: 10)
2026-03-21 01:03:13,695 [INFO]       ... 1/6 페이지 진행 중...
2026-03-21 01:03:13,695 [INFO]    ℹ️ 변동 사항 없음
2026-03-21 01:03:13,996 [INFO] 🔎 [7] 행정안전부_자원환경_계량기수리업 조회서비스 조회 중...
2026-03-21 01:03:14,500 [INFO]    ... 총 1155건, 3 페이지 처리 시작 (Workers: 10)
2026-03-21 01:03:16,466 [INFO]       ... 1/3 페이지 진행 중...
2026-03-21 01:03:16,467 [INFO]    ℹ️ 변동 사항 없음
2026-03-21 01:03:16,767 [INFO] 🔎 [8] 행정안전부_자원환경_계량기수입업 조회서비스 조회 중...
2026-03-21 01:03:18,424 [INFO]    ℹ️ 변동 사항 없음
2026-03-21 01:03:18,725 [INFO] 🔎 [9] 행정안전부_자원환경_계량기제조업 조회서비스 조회 중...
2026-03-21 01:03:20,860 [INFO]    ℹ️ 변동 사항 없음
2026-03-21 01:03:21,161 [INFO] 🔎 [10] 행정안전부_자원환경_계량기증명업 조회서비스 조회 중...
2026-03-21 01:03:23,307 [INFO]    ℹ️ 변동 사항 없음
2026-03-21 01:03:23,608 [INFO] 🔎 [11] 행정안전부_자원환경_고압가스업 조회서비스 조회 중...
2026-03-21 01:03:24,573 [INFO]    ℹ️ 변동 사항 없음
2026-03-21 01:03:24,873 [INFO] 🔎 [12] 행정안전부_자원환경_석연탄제조업 조회서비스 조회 중...
2026-03-21 01:03:25,120 [INFO]    ℹ️ 변동 사항 없음
2026-03-21 01:03:25,421 [INFO] 🔎 [13] 행정안전부_자원환경_석유및석유대체연료판매업체 조회서비스 조회 중...
2026-03-21 01:03:26,723 [INFO]    ℹ️ 변동 사항 없음
2026-03-21 01:03:27,024 [INFO] 🔎 [14] 행정안전부_자원환경_석유판매업 조회서비스 조회 중...
2026-03-21 01:03:28,332 [INFO]    ℹ️ 변동 사항 없음
2026-03-21 01:03:28,633 [INFO] 🔎 [15] 행정안전부_자원환경_액화석유가스용품제조업체 조회서비스 조회 중...
2026-03-21 01:03:28,854 [INFO]    ℹ️ 변동 사항 없음
2026-03-21 01:03:29,154 [INFO] 🔎 [16] 행정안전부_자원환경_일반도시가스업체 조회서비스 조회 중...
2026-03-21 01:03:30,306 [INFO]    ℹ️ 변동 사항 없음
2026-03-21 01:03:30,607 [INFO] 🔎 [17] 행정안전부_자원환경_전력기술감리업체 조회서비스 조회 중...
2026-03-21 01:03:30,829 [INFO]    ℹ️ 변동 사항 없음
2026-03-21 01:03:31,129 [INFO] 🔎 [18] 행정안전부_자원환경_전력기술설계업체 조회서비스 조회 중...
2026-03-21 01:03:31,350 [INFO]    ℹ️ 변동 사항 없음
2026-03-21 01:03:31,651 [INFO] 🔎 [19] 행정안전부_자원환경_특정고압가스업 조회서비스 조회 중...
2026-03-21 01:03:32,058 [INFO]    ℹ️ 변동 사항 없음
2026-03-21 01:03:32,359 [INFO] 🔎 [20] 행정안전부_자원환경_지하수시공업체 조회서비스 조회 중...
2026-03-21 01:03:32,688 [INFO]    ℹ️ 변동 사항 없음
2026-03-21 01:03:32,989 [INFO] 🔎 [21] 행정안전부_자원환경_지하수영향조사기관 조회서비스 조회 중...
2026-03-21 01:03:33,214 [INFO]    ℹ️ 변동 사항 없음
2026-03-21 01:03:33,514 [INFO] 🔎 [22] 행정안전부_자원환경_지하수정화업체 조회서비스 조회 중...
2026-03-21 01:03:33,737 [INFO]    ℹ️ 변동 사항 없음
2026-03-21 01:03:34,038 [INFO] 🔎 [23] 행정안전부_자원환경_가축분뇨수집운반업 조회서비스 조회 중...
2026-03-21 01:03:34,409 [INFO]    ℹ️ 변동 사항 없음
2026-03-21 01:03:34,710 [INFO] 🔎 [24] 행정안전부_자원환경_가축분뇨배출시설관리업(사업장) 조회서비스 조회 중...
2026-03-21 01:03:34,990 [INFO]    ℹ️ 변동 사항 없음
2026-03-21 01:03:35,291 [INFO] 🔎 [25] 행정안전부_자원환경_개인하수처리시설관리업(사업장) 조회서비스 조회 중...
2026-03-21 01:03:35,652 [INFO]    ℹ️ 변동 사항 없음
2026-03-21 01:03:35,953 [INFO] 🔎 [26] 행정안전부_자원환경_건물위생관리업 조회서비스 조회 중...
2026-03-21 01:03:36,175 [INFO]    ℹ️ 변동 사항 없음
2026-03-21 01:03:36,476 [INFO] 🔎 [27] 행정안전부_자원환경_건설폐기물처리업 조회서비스 조회 중...
2026-03-21 01:03:36,704 [INFO]    ℹ️ 변동 사항 없음
2026-03-21 01:03:37,005 [INFO] 🔎 [28] 행정안전부_자원환경_급수공사대행업 조회서비스 조회 중...
2026-03-21 01:03:37,226 [INFO]    ℹ️ 변동 사항 없음
2026-03-21 01:03:37,526 [INFO] 🔎 [29] 행정안전부_자원환경_단독정화조 및 오수처리시설설계시공업 조회서비스 조회 중...
2026-03-21 01:03:37,748 [INFO]    ℹ️ 변동 사항 없음
2026-03-21 01:03:38,049 [INFO] 🔎 [30] 행정안전부_자원환경_대기오염물질배출시설설치사업장 조회서비스 조회 중...
2026-03-21 01:03:38,276 [INFO]    ℹ️ 변동 사항 없음
2026-03-21 01:03:38,576 [INFO] 🔎 [31] 행정안전부_자원환경_배출가스전문정비사업자(확인검사대행자) 조회서비스 조회 중...
2026-03-21 01:03:38,801 [INFO]    ℹ️ 변동 사항 없음
2026-03-21 01:03:39,102 [INFO] 🔎 [32] 행정안전부_자원환경_분뇨수집운반업 조회서비스 조회 중...
2026-03-21 01:03:39,491 [INFO]    ℹ️ 변동 사항 없음
2026-03-21 01:03:39,792 [INFO] 🔎 [33] 행정안전부_자원환경_소독업 조회서비스 조회 중...
2026-03-21 01:03:40,015 [INFO]    ℹ️ 변동 사항 없음
2026-03-21 01:03:40,316 [INFO] 🔎 [34] 행정안전부_자원환경_수질오염원설치시설(기타) 조회서비스 조회 중...
2026-03-21 01:03:40,539 [INFO]    ℹ️ 변동 사항 없음
2026-03-21 01:03:40,839 [INFO] 🔎 [35] 행정안전부_자원환경_쓰레기종량제봉투판매업 조회서비스 조회 중...
2026-03-21 01:03:41,961 [INFO]    ℹ️ 변동 사항 없음
2026-03-21 01:03:42,262 [INFO] 🔎 [36] 행정안전부_자원환경_저수조청소업 조회서비스 조회 중...
2026-03-21 01:03:42,491 [INFO]    ℹ️ 변동 사항 없음
2026-03-21 01:03:42,791 [INFO] 🔎 [37] 행정안전부_자원환경_환경관리대행기관 조회서비스 조회 중...
2026-03-21 01:03:43,165 [INFO]    ℹ️ 변동 사항 없음
2026-03-21 01:03:43,466 [INFO] 🔎 [38] 행정안전부_자원환경_환경전문공사업 조회서비스 조회 중...
2026-03-21 01:03:44,145 [INFO]    ℹ️ 변동 사항 없음
2026-03-21 01:03:44,446 [INFO] 🔎 [39] 행정안전부_자원환경_환경측정대행업 조회서비스 조회 중...
2026-03-21 01:03:46,144 [INFO]    ℹ️ 변동 사항 없음
2026-03-21 01:03:46,445 [INFO] 🔎 [40] 행정안전부_자원환경_환경컨설팅회사 조회서비스 조회 중...
2026-03-21 01:03:47,516 [INFO]    ℹ️ 변동 사항 없음
2026-03-21 01:03:47,817 [INFO] 🔎 [41] 행정안전부_기타_옥외광고업 조회서비스 조회 중...
2026-03-21 01:03:48,211 [INFO]    ℹ️ 변동 사항 없음
2026-03-21 01:03:48,512 [INFO] 🔎 [42] 행정안전부_기타_인쇄사 조회서비스 조회 중...
2026-03-21 01:03:49,936 [INFO]    ℹ️ 변동 사항 없음
2026-03-21 01:03:50,237 [INFO] 🔎 [43] 행정안전부_기타_출판사 조회서비스 조회 중...
2026-03-21 01:03:50,457 [INFO]    ℹ️ 변동 사항 없음
2026-03-21 01:03:50,758 [INFO] 🔎 [44] 행정안전부_기타_국제물류주선업 조회서비스 조회 중...
2026-03-21 01:03:51,150 [INFO]    ℹ️ 변동 사항 없음
2026-03-21 01:03:51,451 [INFO] 🔎 [45] 행정안전부_기타_민방위급수시설 조회서비스 조회 중...
2026-03-21 01:03:52,557 [INFO]    ℹ️ 변동 사항 없음
2026-03-21 01:03:52,858 [INFO] 🔎 [46] 행정안전부_기타_승강기유지관리업체 조회서비스 조회 중...
2026-03-21 01:03:53,081 [INFO]    ℹ️ 변동 사항 없음
2026-03-21 01:03:53,382 [INFO] 🔎 [47] 행정안전부_기타_승강기제조및수입업체 조회서비스 조회 중...
2026-03-21 01:03:54,604 [INFO]    ℹ️ 변동 사항 없음
2026-03-21 01:03:54,905 [INFO] 🔎 [48] 행정안전부_기타_요양보호사교육기관 조회서비스 조회 중...
2026-03-21 01:03:55,132 [INFO]    ℹ️ 변동 사항 없음
2026-03-21 01:03:55,433 [INFO] 🔎 [49] 행정안전부_기타_장례지도사 교육기관 조회서비스 조회 중...
2026-03-21 01:03:56,163 [INFO]    ℹ️ 변동 사항 없음
2026-03-21 01:03:56,464 [INFO] 🔎 [50] 행정안전부_기타_무료직업소개소 조회서비스 조회 중...
2026-03-21 01:03:57,193 [INFO]    ℹ️ 변동 사항 없음
2026-03-21 01:03:57,494 [INFO] 🔎 [51] 행정안전부_기타_유료직업소개소 조회서비스 조회 중...
2026-03-21 01:03:58,049 [INFO]    ℹ️ 변동 사항 없음
2026-03-21 01:03:58,349 [INFO] 📦 결과물 압축 중... (LOCALDATA_DAILY_20260318.zip)
2026-03-21 01:03:58,350 [INFO] ✨ 최종 압축 완료: /home/runner/work/field-sales-assistant/field-sales-assistant/data/LOCALDATA_DAILY_20260318.zip
2026-03-21 01:03:58,350 [INFO] 🏁 작업 종료.
2026-03-22 01:09:59,176 [INFO] ✅ 기초 자료 및 매핑 로드 완료 (Mode: DAILY, Target Date: 2026-03-19, Workers: 10)
2026-03-22 01:09:59,176 [INFO] 🚀 일일 변동분 수집 시작 (2026-03-19 기준)
2026-03-22 01:09:59,176 [INFO] 🔎 [1] 행정안전부_생활_체력단련장업 조회서비스 조회 중...
2026-03-22 01:10:00,779 [INFO]    ... 총 27352건, 55 페이지 처리 시작 (Workers: 10)
2026-03-22 01:10:05,798 [INFO]       ... 1/55 페이지 진행 중...
2026-03-22 01:10:11,064 [INFO]       ... 41/55 페이지 진행 중...
2026-03-22 01:10:11,065 [INFO]    ℹ️ 변동 사항 없음
2026-03-22 01:10:11,366 [INFO] 🔎 [2] 행정안전부_생활_체육도장업 조회서비스 조회 중...
2026-03-22 01:10:11,907 [INFO]    ... 총 32503건, 66 페이지 처리 시작 (Workers: 10)
2026-03-22 01:10:15,021 [INFO]       ... 1/66 페이지 진행 중...
2026-03-22 01:10:22,801 [INFO]       ... 41/66 페이지 진행 중...
2026-03-22 01:10:25,079 [INFO]    ℹ️ 변동 사항 없음
2026-03-22 01:10:25,379 [INFO] 🔎 [3] 행정안전부_생활_목욕장업 조회서비스 조회 중...
2026-03-22 01:10:26,951 [INFO]    ... 총 17702건, 36 페이지 처리 시작 (Workers: 10)
2026-03-22 01:10:29,686 [INFO]       ... 1/36 페이지 진행 중...
2026-03-22 01:10:32,340 [INFO]    ✅ 2건 저장 완료
2026-03-22 01:10:32,641 [INFO] 🔎 [4] 행정안전부_자원환경_목재수입유통업 조회서비스 조회 중...
2026-03-22 01:10:33,858 [INFO]    ... 총 3396건, 7 페이지 처리 시작 (Workers: 10)
2026-03-22 01:10:35,747 [INFO]       ... 1/7 페이지 진행 중...
2026-03-22 01:10:35,748 [INFO]    ℹ️ 변동 사항 없음
2026-03-22 01:10:36,049 [INFO] 🔎 [5] 행정안전부_자원환경_원목생산업 조회서비스 조회 중...
2026-03-22 01:10:36,565 [INFO]    ... 총 3571건, 8 페이지 처리 시작 (Workers: 10)
2026-03-22 01:10:38,741 [INFO]       ... 1/8 페이지 진행 중...
2026-03-22 01:10:38,741 [INFO]    ℹ️ 변동 사항 없음
2026-03-22 01:10:39,042 [INFO] 🔎 [6] 행정안전부_자원환경_제재업 조회서비스 조회 중...
2026-03-22 01:10:41,806 [INFO]    ... 총 2834건, 6 페이지 처리 시작 (Workers: 10)
2026-03-22 01:10:44,210 [INFO]       ... 1/6 페이지 진행 중...
2026-03-22 01:10:44,211 [INFO]    ℹ️ 변동 사항 없음
2026-03-22 01:10:44,511 [INFO] 🔎 [7] 행정안전부_자원환경_계량기수리업 조회서비스 조회 중...
2026-03-22 01:10:45,017 [INFO]    ... 총 1155건, 3 페이지 처리 시작 (Workers: 10)
2026-03-22 01:10:46,961 [INFO]       ... 1/3 페이지 진행 중...
2026-03-22 01:10:46,963 [INFO]    ✅ 1건 저장 완료
2026-03-22 01:10:47,263 [INFO] 🔎 [8] 행정안전부_자원환경_계량기수입업 조회서비스 조회 중...
2026-03-22 01:10:47,963 [INFO]    ℹ️ 변동 사항 없음
2026-03-22 01:10:48,264 [INFO] 🔎 [9] 행정안전부_자원환경_계량기제조업 조회서비스 조회 중...
2026-03-22 01:10:48,505 [INFO]    ℹ️ 변동 사항 없음
2026-03-22 01:10:48,805 [INFO] 🔎 [10] 행정안전부_자원환경_계량기증명업 조회서비스 조회 중...
2026-03-22 01:10:50,735 [INFO]    ℹ️ 변동 사항 없음
2026-03-22 01:10:51,036 [INFO] 🔎 [11] 행정안전부_자원환경_고압가스업 조회서비스 조회 중...
2026-03-22 01:10:52,163 [INFO]    ℹ️ 변동 사항 없음
2026-03-22 01:10:52,464 [INFO] 🔎 [12] 행정안전부_자원환경_석연탄제조업 조회서비스 조회 중...
2026-03-22 01:10:52,886 [INFO]    ℹ️ 변동 사항 없음
2026-03-22 01:10:53,187 [INFO] 🔎 [13] 행정안전부_자원환경_석유및석유대체연료판매업체 조회서비스 조회 중...
2026-03-22 01:10:53,424 [INFO]    ℹ️ 변동 사항 없음
2026-03-22 01:10:53,725 [INFO] 🔎 [14] 행정안전부_자원환경_석유판매업 조회서비스 조회 중...
2026-03-22 01:10:55,275 [INFO]    ℹ️ 변동 사항 없음
2026-03-22 01:10:55,576 [INFO] 🔎 [15] 행정안전부_자원환경_액화석유가스용품제조업체 조회서비스 조회 중...
2026-03-22 01:10:57,632 [INFO]    ℹ️ 변동 사항 없음
2026-03-22 01:10:57,933 [INFO] 🔎 [16] 행정안전부_자원환경_일반도시가스업체 조회서비스 조회 중...
2026-03-22 01:10:58,171 [INFO]    ℹ️ 변동 사항 없음
2026-03-22 01:10:58,472 [INFO] 🔎 [17] 행정안전부_자원환경_전력기술감리업체 조회서비스 조회 중...
2026-03-22 01:10:59,464 [INFO]    ℹ️ 변동 사항 없음
2026-03-22 01:10:59,764 [INFO] 🔎 [18] 행정안전부_자원환경_전력기술설계업체 조회서비스 조회 중...
2026-03-22 01:11:00,006 [INFO]    ℹ️ 변동 사항 없음
2026-03-22 01:11:00,307 [INFO] 🔎 [19] 행정안전부_자원환경_특정고압가스업 조회서비스 조회 중...
2026-03-22 01:11:01,378 [INFO]    ℹ️ 변동 사항 없음
2026-03-22 01:11:01,679 [INFO] 🔎 [20] 행정안전부_자원환경_지하수시공업체 조회서비스 조회 중...
2026-03-22 01:11:03,864 [INFO]    ℹ️ 변동 사항 없음
2026-03-22 01:11:04,165 [INFO] 🔎 [21] 행정안전부_자원환경_지하수영향조사기관 조회서비스 조회 중...
2026-03-22 01:11:06,295 [INFO]    ℹ️ 변동 사항 없음
2026-03-22 01:11:06,595 [INFO] 🔎 [22] 행정안전부_자원환경_지하수정화업체 조회서비스 조회 중...
2026-03-22 01:11:08,840 [INFO]    ℹ️ 변동 사항 없음
2026-03-22 01:11:09,141 [INFO] 🔎 [23] 행정안전부_자원환경_가축분뇨수집운반업 조회서비스 조회 중...
2026-03-22 01:11:10,334 [INFO]    ℹ️ 변동 사항 없음
2026-03-22 01:11:10,635 [INFO] 🔎 [24] 행정안전부_자원환경_가축분뇨배출시설관리업(사업장) 조회서비스 조회 중...
2026-03-22 01:11:11,015 [INFO]    ℹ️ 변동 사항 없음
2026-03-22 01:11:11,315 [INFO] 🔎 [25] 행정안전부_자원환경_개인하수처리시설관리업(사업장) 조회서비스 조회 중...
2026-03-22 01:11:11,840 [INFO]    ℹ️ 변동 사항 없음
2026-03-22 01:11:12,141 [INFO] 🔎 [26] 행정안전부_자원환경_건물위생관리업 조회서비스 조회 중...
2026-03-22 01:11:12,379 [INFO]    ℹ️ 변동 사항 없음
2026-03-22 01:11:12,680 [INFO] 🔎 [27] 행정안전부_자원환경_건설폐기물처리업 조회서비스 조회 중...
2026-03-22 01:11:12,993 [INFO]    ℹ️ 변동 사항 없음
2026-03-22 01:11:13,294 [INFO] 🔎 [28] 행정안전부_자원환경_급수공사대행업 조회서비스 조회 중...
2026-03-22 01:11:13,532 [INFO]    ℹ️ 변동 사항 없음
2026-03-22 01:11:13,833 [INFO] 🔎 [29] 행정안전부_자원환경_단독정화조 및 오수처리시설설계시공업 조회서비스 조회 중...
2026-03-22 01:11:14,105 [INFO]    ℹ️ 변동 사항 없음
2026-03-22 01:11:14,406 [INFO] 🔎 [30] 행정안전부_자원환경_대기오염물질배출시설설치사업장 조회서비스 조회 중...
2026-03-22 01:11:14,643 [INFO]    ℹ️ 변동 사항 없음
2026-03-22 01:11:14,943 [INFO] 🔎 [31] 행정안전부_자원환경_배출가스전문정비사업자(확인검사대행자) 조회서비스 조회 중...
2026-03-22 01:11:15,179 [INFO]    ℹ️ 변동 사항 없음
2026-03-22 01:11:15,480 [INFO] 🔎 [32] 행정안전부_자원환경_분뇨수집운반업 조회서비스 조회 중...
2026-03-22 01:11:15,919 [INFO]    ℹ️ 변동 사항 없음
2026-03-22 01:11:16,219 [INFO] 🔎 [33] 행정안전부_자원환경_소독업 조회서비스 조회 중...
2026-03-22 01:11:16,457 [INFO]    ℹ️ 변동 사항 없음
2026-03-22 01:11:16,758 [INFO] 🔎 [34] 행정안전부_자원환경_수질오염원설치시설(기타) 조회서비스 조회 중...
2026-03-22 01:11:16,994 [INFO]    ℹ️ 변동 사항 없음
2026-03-22 01:11:17,295 [INFO] 🔎 [35] 행정안전부_자원환경_쓰레기종량제봉투판매업 조회서비스 조회 중...
2026-03-22 01:11:17,534 [INFO]    ℹ️ 변동 사항 없음
2026-03-22 01:11:17,835 [INFO] 🔎 [36] 행정안전부_자원환경_저수조청소업 조회서비스 조회 중...
2026-03-22 01:11:18,071 [INFO]    ℹ️ 변동 사항 없음
2026-03-22 01:11:18,372 [INFO] 🔎 [37] 행정안전부_자원환경_환경관리대행기관 조회서비스 조회 중...
2026-03-22 01:11:18,963 [INFO]    ℹ️ 변동 사항 없음
2026-03-22 01:11:19,264 [INFO] 🔎 [38] 행정안전부_자원환경_환경전문공사업 조회서비스 조회 중...
2026-03-22 01:11:19,503 [INFO]    ℹ️ 변동 사항 없음
2026-03-22 01:11:19,803 [INFO] 🔎 [39] 행정안전부_자원환경_환경측정대행업 조회서비스 조회 중...
2026-03-22 01:11:20,071 [INFO]    ℹ️ 변동 사항 없음
2026-03-22 01:11:20,372 [INFO] 🔎 [40] 행정안전부_자원환경_환경컨설팅회사 조회서비스 조회 중...
2026-03-22 01:11:20,610 [INFO]    ℹ️ 변동 사항 없음
2026-03-22 01:11:20,911 [INFO] 🔎 [41] 행정안전부_기타_옥외광고업 조회서비스 조회 중...
2026-03-22 01:11:21,149 [INFO]    ℹ️ 변동 사항 없음
2026-03-22 01:11:21,450 [INFO] 🔎 [42] 행정안전부_기타_인쇄사 조회서비스 조회 중...
2026-03-22 01:11:21,890 [INFO]    ℹ️ 변동 사항 없음
2026-03-22 01:11:22,191 [INFO] 🔎 [43] 행정안전부_기타_출판사 조회서비스 조회 중...
2026-03-22 01:11:22,428 [INFO]    ℹ️ 변동 사항 없음
2026-03-22 01:11:22,729 [INFO] 🔎 [44] 행정안전부_기타_국제물류주선업 조회서비스 조회 중...
2026-03-22 01:11:22,966 [INFO]    ℹ️ 변동 사항 없음
2026-03-22 01:11:23,267 [INFO] 🔎 [45] 행정안전부_기타_민방위급수시설 조회서비스 조회 중...
2026-03-22 01:11:23,508 [INFO]    ℹ️ 변동 사항 없음
2026-03-22 01:11:23,808 [INFO] 🔎 [46] 행정안전부_기타_승강기유지관리업체 조회서비스 조회 중...
2026-03-22 01:11:24,045 [INFO]    ℹ️ 변동 사항 없음
2026-03-22 01:11:24,345 [INFO] 🔎 [47] 행정안전부_기타_승강기제조및수입업체 조회서비스 조회 중...
2026-03-22 01:11:24,583 [INFO]    ℹ️ 변동 사항 없음
2026-03-22 01:11:24,884 [INFO] 🔎 [48] 행정안전부_기타_요양보호사교육기관 조회서비스 조회 중...
2026-03-22 01:11:25,123 [INFO]    ℹ️ 변동 사항 없음
2026-03-22 01:11:25,424 [INFO] 🔎 [49] 행정안전부_기타_장례지도사 교육기관 조회서비스 조회 중...
2026-03-22 01:11:25,660 [INFO]    ℹ️ 변동 사항 없음
2026-03-22 01:11:25,961 [INFO] 🔎 [50] 행정안전부_기타_무료직업소개소 조회서비스 조회 중...
2026-03-22 01:11:26,201 [INFO]    ℹ️ 변동 사항 없음
2026-03-22 01:11:26,502 [INFO] 🔎 [51] 행정안전부_기타_유료직업소개소 조회서비스 조회 중...
2026-03-22 01:11:26,739 [INFO]    ℹ️ 변동 사항 없음
2026-03-22 01:11:27,039 [INFO] 📦 결과물 압축 중... (LOCALDATA_DAILY_20260319.zip)
2026-03-22 01:11:27,040 [INFO] ✨ 최종 압축 완료: /home/runner/work/field-sales-assistant/field-sales-assistant/data/LOCALDATA_DAILY_20260319.zip
2026-03-22 01:11:27,040 [INFO] 🏁 작업 종료.
