2026-03-19 17:13:47,516 [INFO] ✅ 기초 자료 및 매핑 로드 완료 (Mode: DAILY, Target Date: 2026-03-16)
2026-03-19 17:13:47,517 [INFO] 🚀 일일 변동분 수집 시작 (2026-03-16 기준)
2026-03-19 17:13:47,517 [INFO] 🔎 [1] 행정안전부_식품_즉석판매제조가공업 조회서비스 조회 중...
2026-03-19 17:13:57,433 [INFO]    ... 20/1494 페이지 로드 중...
2026-03-19 17:14:05,029 [INFO]    ... 40/1494 페이지 로드 중...
2026-03-19 17:14:11,071 [INFO]    ... 60/1494 페이지 로드 중...
2026-03-19 17:14:17,933 [INFO]    ... 80/1494 페이지 로드 중...
2026-03-19 17:14:25,824 [INFO]    ... 100/1494 페이지 로드 중...
2026-03-19 17:14:34,702 [INFO]    ... 120/1494 페이지 로드 중...
2026-03-19 17:14:44,213 [INFO]    ... 140/1494 페이지 로드 중...
2026-03-19 17:14:56,190 [INFO]    ... 160/1494 페이지 로드 중...
2026-03-19 17:15:22,740 [INFO]    ... 180/1494 페이지 로드 중...
2026-03-19 17:15:50,118 [INFO]    ... 200/1494 페이지 로드 중...
2026-03-19 17:16:26,219 [INFO]    ... 220/1494 페이지 로드 중...
2026-03-19 17:16:48,478 [INFO]    ... 240/1494 페이지 로드 중...
2026-03-19 17:17:07,906 [INFO]    ... 260/1494 페이지 로드 중...
2026-03-19 17:17:26,011 [INFO]    ... 280/1494 페이지 로드 중...
2026-03-19 17:17:49,879 [INFO]    ... 300/1494 페이지 로드 중...
2026-03-19 17:18:07,289 [INFO]    ... 320/1494 페이지 로드 중...
2026-03-19 17:18:36,679 [INFO]    ... 340/1494 페이지 로드 중...
2026-03-19 17:18:54,492 [INFO]    ... 360/1494 페이지 로드 중...
2026-03-19 17:19:26,067 [INFO]    ... 380/1494 페이지 로드 중...
2026-03-19 17:19:54,229 [INFO]    ... 400/1494 페이지 로드 중...
2026-03-19 17:20:39,959 [INFO]    ... 420/1494 페이지 로드 중...
2026-03-19 17:21:13,501 [INFO]    ... 440/1494 페이지 로드 중...
2026-03-19 17:21:48,625 [INFO]    ... 460/1494 페이지 로드 중...
2026-03-19 17:22:17,555 [INFO]    ... 480/1494 페이지 로드 중...
2026-03-19 17:22:45,111 [INFO]    ... 500/1494 페이지 로드 중...
2026-03-19 17:23:17,318 [INFO]    ... 520/1494 페이지 로드 중...
2026-03-19 17:23:45,360 [INFO]    ... 540/1494 페이지 로드 중...
2026-03-19 17:24:17,988 [INFO]    ... 560/1494 페이지 로드 중...
2026-03-19 17:24:47,253 [INFO]    ... 580/1494 페이지 로드 중...
2026-03-19 17:25:12,456 [INFO]    ... 600/1494 페이지 로드 중...
2026-03-19 17:25:39,388 [INFO]    ... 620/1494 페이지 로드 중...
2026-03-19 17:26:06,091 [INFO]    ... 640/1494 페이지 로드 중...
2026-03-19 17:26:34,052 [INFO]    ... 660/1494 페이지 로드 중...
2026-03-19 17:27:02,223 [INFO]    ... 680/1494 페이지 로드 중...
2026-03-19 17:27:34,385 [INFO]    ... 700/1494 페이지 로드 중...
2026-03-19 17:28:11,794 [INFO]    ... 720/1494 페이지 로드 중...
2026-03-19 17:28:56,836 [INFO]    ... 740/1494 페이지 로드 중...
2026-03-19 17:29:30,979 [INFO]    ... 760/1494 페이지 로드 중...
2026-03-20 14:45:32,775 [INFO] ✅ 기초 자료 및 매핑 로드 완료 (Mode: DAILY, Target Date: 2026-03-18, Workers: 20)
2026-03-20 14:45:32,775 [INFO] 🚀 일일 변동분 수집 시작 (2026-03-18 기준)
2026-03-20 14:45:32,776 [INFO] 🔎 [1] 행정안전부_문화_국제회의기획업 조회서비스 조회 중...
2026-03-20 14:45:33,553 [INFO]    ℹ️ 변동 사항 없음
2026-03-20 14:45:33,858 [INFO] 🔎 [2] 행정안전부_문화_대중문화예술기획업 조회서비스 조회 중...
2026-03-20 14:45:34,207 [INFO]    ℹ️ 변동 사항 없음
2026-03-20 14:45:34,516 [INFO] 🔎 [3] 행정안전부_문화_문화예술법인 조회서비스 조회 중...
2026-03-20 14:45:34,542 [INFO]    ℹ️ 변동 사항 없음
2026-03-20 14:45:34,847 [INFO] 🔎 [4] 행정안전부_문화_비디오물감상실업 조회서비스 조회 중...
2026-03-20 14:45:35,637 [INFO]    ℹ️ 변동 사항 없음
2026-03-20 14:45:35,943 [INFO] 🔎 [5] 행정안전부_문화_비디오물배급업 조회서비스 조회 중...
2026-03-20 14:45:35,956 [INFO]    ℹ️ 변동 사항 없음
2026-03-20 14:45:36,261 [INFO] 🔎 [6] 행정안전부_문화_비디오물소극장업 조회서비스 조회 중...
2026-03-20 14:45:36,277 [INFO]    ℹ️ 변동 사항 없음
2026-03-20 14:45:36,582 [INFO] 🔎 [7] 행정안전부_문화_비디오물시청제공업 조회서비스 조회 중...
2026-03-20 14:45:36,601 [INFO]    ℹ️ 변동 사항 없음
2026-03-20 14:45:36,911 [INFO] 🔎 [8] 행정안전부_문화_비디오물제작업 조회서비스 조회 중...
2026-03-20 14:45:37,065 [INFO]    ℹ️ 변동 사항 없음
2026-03-20 14:45:37,369 [INFO] 🔎 [9] 행정안전부_문화_관광숙박업 조회서비스 조회 중...
2026-03-20 14:45:37,386 [INFO]    ℹ️ 변동 사항 없음
2026-03-20 14:45:37,690 [INFO] 🔎 [10] 행정안전부_문화_관광펜션업 조회서비스 조회 중...
2026-03-20 14:45:37,708 [INFO]    ℹ️ 변동 사항 없음
2026-03-20 14:45:38,014 [INFO] 🔎 [11] 행정안전부_문화_농어촌민박업 조회서비스 조회 중...
2026-03-20 14:45:38,034 [INFO]    ℹ️ 변동 사항 없음
2026-03-20 14:45:38,337 [INFO] 🔎 [12] 행정안전부_문화_숙박업 조회서비스 조회 중...
2026-03-20 14:45:38,355 [INFO]    ℹ️ 변동 사항 없음
2026-03-20 14:45:38,660 [INFO] 🔎 [13] 행정안전부_문화_외국인관광도시민박업 조회서비스 조회 중...
2026-03-20 14:45:39,935 [INFO]    ℹ️ 변동 사항 없음
2026-03-20 14:45:40,242 [INFO] 🔎 [14] 행정안전부_문화_일반야영장업 조회서비스 조회 중...
2026-03-20 14:45:40,258 [INFO]    ℹ️ 변동 사항 없음
2026-03-20 14:45:40,560 [INFO] 🔎 [15] 행정안전부_문화_자동차야영장업 조회서비스 조회 중...
2026-03-20 14:45:40,578 [INFO]    ℹ️ 변동 사항 없음
2026-03-20 14:45:40,884 [INFO] 🔎 [16] 행정안전부_문화_한옥체험업 조회서비스 조회 중...
2026-03-20 14:45:41,168 [INFO]    ℹ️ 변동 사항 없음
2026-03-20 14:45:41,469 [INFO] 🔎 [17] 행정안전부_문화_국내여행업 조회서비스 조회 중...
2026-03-20 14:45:41,955 [INFO]    ℹ️ 변동 사항 없음
2026-03-20 14:45:42,261 [INFO] 🔎 [18] 행정안전부_문화_국내외여행업 조회서비스 조회 중...
2026-03-20 14:45:42,279 [INFO]    ℹ️ 변동 사항 없음
2026-03-20 14:45:42,584 [INFO] 🔎 [19] 행정안전부_문화_종합여행업 조회서비스 조회 중...
2026-03-20 14:45:43,082 [INFO]    ℹ️ 변동 사항 없음
2026-03-20 14:45:43,385 [INFO] 🔎 [20] 행정안전부_문화_영화배급업 조회서비스 조회 중...
2026-03-20 14:45:43,403 [INFO]    ℹ️ 변동 사항 없음
2026-03-20 14:45:43,706 [INFO] 🔎 [21] 행정안전부_문화_영화상영관 조회서비스 조회 중...
2026-03-20 14:45:44,106 [INFO]    ℹ️ 변동 사항 없음
2026-03-20 14:45:44,410 [INFO] 🔎 [22] 행정안전부_문화_영화상영업 조회서비스 조회 중...
2026-03-20 14:45:44,430 [INFO]    ℹ️ 변동 사항 없음
2026-03-20 14:45:44,736 [INFO] 🔎 [23] 행정안전부_문화_영화수입업 조회서비스 조회 중...
2026-03-20 14:45:45,233 [INFO]    ℹ️ 변동 사항 없음
2026-03-20 14:45:45,539 [INFO] 🔎 [24] 행정안전부_문화_영화제작업 조회서비스 조회 중...
2026-03-20 14:45:45,553 [INFO]    ℹ️ 변동 사항 없음
2026-03-20 14:45:45,854 [INFO] 🔎 [25] 행정안전부_문화_온라인음악서비스제공업 조회서비스 조회 중...
2026-03-20 14:45:45,891 [INFO]    ℹ️ 변동 사항 없음
2026-03-20 14:45:46,197 [INFO] 🔎 [26] 행정안전부_문화_음반및음악영상물배급업 조회서비스 조회 중...
2026-03-20 14:45:46,214 [INFO]    ℹ️ 변동 사항 없음
2026-03-20 14:45:46,517 [INFO] 🔎 [27] 행정안전부_문화_음반및음악영상물제작업 조회서비스 조회 중...
2026-03-20 14:45:46,535 [INFO]    ℹ️ 변동 사항 없음
2026-03-20 14:45:46,841 [INFO] 🔎 [28] 행정안전부_문화_음반물배급업 조회서비스 조회 중...
2026-03-20 14:45:46,997 [INFO]    ℹ️ 변동 사항 없음
2026-03-20 14:45:47,303 [INFO] 🔎 [29] 행정안전부_문화_음반물제작업 조회서비스 조회 중...
2026-03-20 14:45:47,319 [INFO]    ℹ️ 변동 사항 없음
2026-03-20 14:45:47,620 [INFO] 🔎 [30] 행정안전부_생활_이용업 조회서비스 조회 중...
2026-03-20 14:45:47,998 [INFO]    ℹ️ 변동 사항 없음
2026-03-20 14:45:48,304 [INFO] 🔎 [31] 행정안전부_생활_세탁업 조회서비스 조회 중...
2026-03-20 14:45:48,322 [INFO]    ℹ️ 변동 사항 없음
2026-03-20 14:45:48,628 [INFO] 🔎 [32] 행정안전부_생활_의료기관세탁물처리업 조회서비스 조회 중...
2026-03-20 14:45:49,035 [INFO]    ℹ️ 변동 사항 없음
2026-03-20 14:45:49,341 [INFO] 🔎 [33] 행정안전부_생활_다단계판매업체 조회서비스 조회 중...
2026-03-20 14:45:49,358 [INFO]    ℹ️ 변동 사항 없음
2026-03-20 14:45:49,664 [INFO] 🔎 [34] 행정안전부_생활_대규모점포 조회서비스 조회 중...
2026-03-20 14:45:50,303 [INFO]    ℹ️ 변동 사항 없음
2026-03-20 14:45:50,604 [INFO] 🔎 [35] 행정안전부_생활_방문판매업 조회서비스 조회 중...
2026-03-20 14:45:50,616 [INFO]    ℹ️ 변동 사항 없음
2026-03-20 14:45:50,919 [INFO] 🔎 [36] 행정안전부_생활_전화권유판매업 조회서비스 조회 중...
2026-03-20 14:45:51,081 [INFO]    ℹ️ 변동 사항 없음
2026-03-20 14:45:51,389 [INFO] 🔎 [37] 행정안전부_생활_통신판매업 조회서비스 조회 중...
2026-03-20 14:45:51,405 [INFO]    ℹ️ 변동 사항 없음
2026-03-20 14:45:51,711 [INFO] 🔎 [38] 행정안전부_생활_후원방문판매업체 조회서비스 조회 중...
2026-03-20 14:45:51,944 [INFO]    ℹ️ 변동 사항 없음
2026-03-20 14:45:52,250 [INFO] 🔎 [39] 행정안전부_생활_골프연습장업 조회서비스 조회 중...
2026-03-20 14:45:52,268 [INFO]    ℹ️ 변동 사항 없음
2026-03-20 14:45:52,572 [INFO] 🔎 [40] 행정안전부_생활_골프장 조회서비스 조회 중...
2026-03-20 14:45:52,591 [INFO]    ℹ️ 변동 사항 없음
2026-03-20 14:45:52,898 [INFO] 🔎 [41] 행정안전부_생활_당구장업 조회서비스 조회 중...
2026-03-20 14:45:53,181 [INFO]    ℹ️ 변동 사항 없음
2026-03-20 14:45:53,485 [INFO] 🔎 [42] 행정안전부_생활_등록체육시설업 조회서비스 조회 중...
2026-03-20 14:45:53,833 [INFO]    ℹ️ 변동 사항 없음
2026-03-20 14:45:54,138 [INFO] 🔎 [43] 행정안전부_생활_무도장업 조회서비스 조회 중...
2026-03-20 14:45:54,159 [INFO]    ℹ️ 변동 사항 없음
2026-03-20 14:45:54,460 [INFO] 🔎 [44] 행정안전부_생활_무도학원업 조회서비스 조회 중...
2026-03-20 14:45:54,968 [INFO]    ℹ️ 변동 사항 없음
2026-03-20 14:45:55,270 [INFO] 🔎 [45] 행정안전부_생활_빙상장업 조회서비스 조회 중...
2026-03-20 14:45:55,284 [INFO]    ℹ️ 변동 사항 없음
2026-03-20 14:45:55,590 [INFO] 🔎 [46] 행정안전부_생활_수영장업 조회서비스 조회 중...
2026-03-20 14:45:55,985 [INFO]    ℹ️ 변동 사항 없음
2026-03-20 14:45:56,291 [INFO] 🔎 [47] 행정안전부_생활_스키장 조회서비스 조회 중...
2026-03-20 14:45:56,305 [INFO]    ℹ️ 변동 사항 없음
2026-03-20 14:45:56,612 [INFO] 🔎 [48] 행정안전부_생활_승마장업 조회서비스 조회 중...
2026-03-20 14:45:57,089 [INFO]    ℹ️ 변동 사항 없음
2026-03-20 14:45:57,391 [INFO] 🔎 [49] 행정안전부_생활_썰매장업 조회서비스 조회 중...
2026-03-20 14:45:57,412 [INFO]    ℹ️ 변동 사항 없음
2026-03-20 14:45:57,718 [INFO] 🔎 [50] 행정안전부_생활_요트장업 조회서비스 조회 중...
2026-03-20 14:45:58,238 [INFO]    ℹ️ 변동 사항 없음
2026-03-20 14:45:58,544 [INFO] 🔎 [51] 행정안전부_생활_종합체육시설업 조회서비스 조회 중...
2026-03-20 14:45:59,030 [INFO]    ℹ️ 변동 사항 없음
2026-03-20 14:45:59,336 [INFO] 🔎 [52] 행정안전부_생활_체력단련장업 조회서비스 조회 중...
2026-03-20 14:45:59,349 [INFO]    ℹ️ 변동 사항 없음
2026-03-20 14:45:59,655 [INFO] 🔎 [53] 행정안전부_생활_체육도장업 조회서비스 조회 중...
2026-03-20 14:45:59,672 [INFO]    ℹ️ 변동 사항 없음
2026-03-20 14:45:59,978 [INFO] 🔎 [54] 행정안전부_생활_목욕장업 조회서비스 조회 중...
2026-03-20 14:45:59,999 [INFO]    ℹ️ 변동 사항 없음
2026-03-20 14:46:00,301 [INFO] 🔎 [55] 행정안전부_자원환경_목재수입유통업 조회서비스 조회 중...
2026-03-20 14:46:00,506 [INFO]    ℹ️ 변동 사항 없음
2026-03-20 14:46:00,809 [INFO] 🔎 [56] 행정안전부_자원환경_원목생산업 조회서비스 조회 중...
2026-03-20 14:46:00,824 [INFO]    ℹ️ 변동 사항 없음
2026-03-20 14:46:01,130 [INFO] 🔎 [57] 행정안전부_자원환경_제재업 조회서비스 조회 중...
2026-03-20 14:46:01,145 [INFO]    ℹ️ 변동 사항 없음
2026-03-20 14:46:01,449 [INFO] 🔎 [58] 행정안전부_자원환경_계량기수리업 조회서비스 조회 중...
2026-03-20 14:46:01,462 [INFO]    ℹ️ 변동 사항 없음
2026-03-20 14:46:01,768 [INFO] 🔎 [59] 행정안전부_자원환경_계량기수입업 조회서비스 조회 중...
2026-03-20 14:46:02,130 [INFO]    ℹ️ 변동 사항 없음
2026-03-20 14:46:02,436 [INFO] 🔎 [60] 행정안전부_자원환경_계량기제조업 조회서비스 조회 중...
2026-03-20 14:46:02,467 [INFO]    ℹ️ 변동 사항 없음
2026-03-20 14:46:02,769 [INFO] 🔎 [61] 행정안전부_자원환경_계량기증명업 조회서비스 조회 중...
2026-03-20 14:46:02,858 [INFO]    ℹ️ 변동 사항 없음
2026-03-20 14:46:03,161 [INFO] 🔎 [62] 행정안전부_자원환경_고압가스업 조회서비스 조회 중...
2026-03-20 14:46:03,183 [INFO]    ℹ️ 변동 사항 없음
2026-03-20 14:46:03,489 [INFO] 🔎 [63] 행정안전부_자원환경_석연탄제조업 조회서비스 조회 중...
2026-03-20 14:46:03,505 [INFO]    ℹ️ 변동 사항 없음
2026-03-20 14:46:03,808 [INFO] 🔎 [64] 행정안전부_자원환경_석유및석유대체연료판매업체 조회서비스 조회 중...
2026-03-20 14:46:04,858 [INFO]    ℹ️ 변동 사항 없음
2026-03-20 14:46:05,160 [INFO] 🔎 [65] 행정안전부_자원환경_석유판매업 조회서비스 조회 중...
2026-03-20 14:46:07,776 [INFO]    ℹ️ 변동 사항 없음
2026-03-20 14:46:08,078 [INFO] 🔎 [66] 행정안전부_자원환경_액화석유가스용품제조업체 조회서비스 조회 중...
2026-03-20 14:46:08,104 [INFO]    ℹ️ 변동 사항 없음
2026-03-20 14:46:08,409 [INFO] 🔎 [67] 행정안전부_자원환경_일반도시가스업체 조회서비스 조회 중...
2026-03-20 14:46:08,428 [INFO]    ℹ️ 변동 사항 없음
2026-03-20 14:46:08,732 [INFO] 🔎 [68] 행정안전부_자원환경_전력기술감리업체 조회서비스 조회 중...
2026-03-20 14:46:09,505 [INFO]    ℹ️ 변동 사항 없음
2026-03-20 14:46:09,809 [INFO] 🔎 [69] 행정안전부_자원환경_전력기술설계업체 조회서비스 조회 중...
2026-03-20 14:46:09,850 [INFO]    ℹ️ 변동 사항 없음
2026-03-20 14:46:10,156 [INFO] 🔎 [70] 행정안전부_자원환경_특정고압가스업 조회서비스 조회 중...
2026-03-20 14:46:10,178 [INFO]    ℹ️ 변동 사항 없음
2026-03-20 14:46:10,483 [INFO] 🔎 [71] 행정안전부_자원환경_지하수시공업체 조회서비스 조회 중...
2026-03-20 14:46:10,498 [INFO]    ℹ️ 변동 사항 없음
2026-03-20 14:46:10,804 [INFO] 🔎 [72] 행정안전부_자원환경_지하수영향조사기관 조회서비스 조회 중...
2026-03-20 14:46:11,146 [INFO]    ℹ️ 변동 사항 없음
2026-03-20 14:46:11,452 [INFO] 🔎 [73] 행정안전부_자원환경_지하수정화업체 조회서비스 조회 중...
2026-03-20 14:46:11,992 [INFO]    ℹ️ 변동 사항 없음
2026-03-20 14:46:12,299 [INFO] 🔎 [74] 행정안전부_자원환경_가축분뇨수집운반업 조회서비스 조회 중...
2026-03-20 14:46:12,314 [INFO]    ℹ️ 변동 사항 없음
2026-03-20 14:46:12,619 [INFO] 🔎 [75] 행정안전부_자원환경_가축분뇨배출시설관리업(사업장) 조회서비스 조회 중...
2026-03-20 14:46:13,083 [INFO]    ℹ️ 변동 사항 없음
2026-03-20 14:46:13,387 [INFO] 🔎 [76] 행정안전부_자원환경_개인하수처리시설관리업(사업장) 조회서비스 조회 중...
2026-03-20 14:46:13,407 [INFO]    ℹ️ 변동 사항 없음
2026-03-20 14:46:13,710 [INFO] 🔎 [77] 행정안전부_자원환경_건물위생관리업 조회서비스 조회 중...
2026-03-20 14:46:13,910 [INFO]    ℹ️ 변동 사항 없음
2026-03-20 14:46:14,216 [INFO] 🔎 [78] 행정안전부_자원환경_건설폐기물처리업 조회서비스 조회 중...
2026-03-20 14:46:14,233 [INFO]    ℹ️ 변동 사항 없음
2026-03-20 14:46:14,537 [INFO] 🔎 [79] 행정안전부_자원환경_급수공사대행업 조회서비스 조회 중...
2026-03-20 14:46:14,990 [INFO]    ℹ️ 변동 사항 없음
2026-03-20 14:46:15,296 [INFO] 🔎 [80] 행정안전부_자원환경_단독정화조 및 오수처리시설설계시공업 조회서비스 조회 중...
2026-03-20 14:46:15,312 [INFO]    ℹ️ 변동 사항 없음
2026-03-20 14:46:15,618 [INFO] 🔎 [81] 행정안전부_자원환경_대기오염물질배출시설설치사업장 조회서비스 조회 중...
2026-03-20 14:46:16,192 [INFO]    ℹ️ 변동 사항 없음
2026-03-20 14:46:16,495 [INFO] 🔎 [82] 행정안전부_자원환경_배출가스전문정비사업자(확인검사대행자) 조회서비스 조회 중...
2026-03-20 14:46:16,513 [INFO]    ℹ️ 변동 사항 없음
2026-03-20 14:46:16,819 [INFO] 🔎 [83] 행정안전부_자원환경_분뇨수집운반업 조회서비스 조회 중...
2026-03-20 14:46:17,079 [INFO]    ℹ️ 변동 사항 없음
2026-03-20 14:46:17,384 [INFO] 🔎 [84] 행정안전부_자원환경_소독업 조회서비스 조회 중...
2026-03-20 14:46:17,409 [INFO]    ℹ️ 변동 사항 없음
2026-03-20 14:46:17,713 [INFO] 🔎 [85] 행정안전부_자원환경_수질오염원설치시설(기타) 조회서비스 조회 중...
2026-03-20 14:46:18,042 [INFO]    ℹ️ 변동 사항 없음
2026-03-20 14:46:18,344 [INFO] 🔎 [86] 행정안전부_자원환경_쓰레기종량제봉투판매업 조회서비스 조회 중...
2026-03-20 14:46:18,369 [INFO]    ℹ️ 변동 사항 없음
2026-03-20 14:46:18,672 [INFO] 🔎 [87] 행정안전부_자원환경_저수조청소업 조회서비스 조회 중...
2026-03-20 14:46:18,851 [INFO]    ℹ️ 변동 사항 없음
2026-03-20 14:46:19,157 [INFO] 🔎 [88] 행정안전부_자원환경_환경관리대행기관 조회서비스 조회 중...
2026-03-20 14:46:19,174 [INFO]    ℹ️ 변동 사항 없음
2026-03-20 14:46:19,476 [INFO] 🔎 [89] 행정안전부_자원환경_환경전문공사업 조회서비스 조회 중...
2026-03-20 14:46:19,497 [INFO]    ℹ️ 변동 사항 없음
2026-03-20 14:46:19,802 [INFO] 🔎 [90] 행정안전부_자원환경_환경측정대행업 조회서비스 조회 중...
2026-03-20 14:46:19,994 [INFO]    ℹ️ 변동 사항 없음
2026-03-20 14:46:20,300 [INFO] 🔎 [91] 행정안전부_자원환경_환경컨설팅회사 조회서비스 조회 중...
2026-03-20 14:46:20,317 [INFO]    ℹ️ 변동 사항 없음
2026-03-20 14:46:20,618 [INFO] 🔎 [92] 행정안전부_기타_옥외광고업 조회서비스 조회 중...
2026-03-20 14:46:20,636 [INFO]    ℹ️ 변동 사항 없음
2026-03-20 14:46:20,942 [INFO] 🔎 [93] 행정안전부_기타_인쇄사 조회서비스 조회 중...
2026-03-20 14:46:21,014 [INFO]    ℹ️ 변동 사항 없음
2026-03-20 14:46:21,320 [INFO] 🔎 [94] 행정안전부_기타_출판사 조회서비스 조회 중...
2026-03-20 14:46:21,347 [INFO]    ℹ️ 변동 사항 없음
2026-03-20 14:46:21,650 [INFO] 🔎 [95] 행정안전부_기타_담배도매업 조회서비스 조회 중...
2026-03-20 14:46:21,677 [INFO]    ℹ️ 변동 사항 없음
2026-03-20 14:46:21,980 [INFO] 🔎 [96] 행정안전부_기타_담배소매업 조회서비스 조회 중...
2026-03-20 14:46:22,040 [INFO]    ℹ️ 변동 사항 없음
2026-03-20 14:46:22,346 [INFO] 🔎 [97] 행정안전부_기타_국제물류주선업 조회서비스 조회 중...
2026-03-20 14:46:22,374 [INFO]    ℹ️ 변동 사항 없음
2026-03-20 14:46:22,679 [INFO] 🔎 [98] 행정안전부_기타_민방위급수시설 조회서비스 조회 중...
2026-03-20 14:46:22,694 [INFO]    ℹ️ 변동 사항 없음
2026-03-20 14:46:22,996 [INFO] 🔎 [99] 행정안전부_기타_승강기유지관리업체 조회서비스 조회 중...
2026-03-20 14:46:23,012 [INFO]    ℹ️ 변동 사항 없음
2026-03-20 14:46:23,317 [INFO] 🔎 [100] 행정안전부_기타_승강기제조및수입업체 조회서비스 조회 중...
2026-03-20 14:46:23,331 [INFO]    ℹ️ 변동 사항 없음
2026-03-20 14:46:23,637 [INFO] 🔎 [101] 행정안전부_기타_요양보호사교육기관 조회서비스 조회 중...
2026-03-20 14:46:23,959 [INFO]    ℹ️ 변동 사항 없음
2026-03-20 14:46:24,264 [INFO] 🔎 [102] 행정안전부_기타_장례지도사 교육기관 조회서비스 조회 중...
2026-03-20 14:46:24,279 [INFO]    ℹ️ 변동 사항 없음
2026-03-20 14:46:24,585 [INFO] 🔎 [103] 행정안전부_기타_무료직업소개소 조회서비스 조회 중...
2026-03-20 14:46:24,600 [INFO]    ℹ️ 변동 사항 없음
2026-03-20 14:46:24,906 [INFO] 🔎 [104] 행정안전부_기타_유료직업소개소 조회서비스 조회 중...
2026-03-20 14:46:24,944 [INFO]    ℹ️ 변동 사항 없음
2026-03-20 14:46:25,249 [WARNING] ⚠️ 오늘(타겟 날짜)의 변동 데이터가 없습니다.
2026-03-20 14:46:25,250 [INFO] 🏁 작업 종료.
2026-03-20 14:46:33,923 [INFO] ✅ 기초 자료 및 매핑 로드 완료 (Mode: DAILY, Target Date: 2026-03-19, Workers: 20)
2026-03-20 14:46:33,923 [INFO] 🚀 일일 변동분 수집 시작 (2026-03-19 기준)
2026-03-20 14:46:33,924 [INFO] 🔎 [1] 행정안전부_문화_국제회의기획업 조회서비스 조회 중...
2026-03-20 14:46:33,969 [INFO]    ℹ️ 변동 사항 없음
2026-03-20 14:46:34,274 [INFO] 🔎 [2] 행정안전부_문화_대중문화예술기획업 조회서비스 조회 중...
2026-03-20 14:46:34,665 [INFO]    ℹ️ 변동 사항 없음
2026-03-20 14:46:34,967 [INFO] 🔎 [3] 행정안전부_문화_문화예술법인 조회서비스 조회 중...
2026-03-20 14:46:34,988 [INFO]    ℹ️ 변동 사항 없음
2026-03-20 14:46:35,290 [INFO] 🔎 [4] 행정안전부_문화_비디오물감상실업 조회서비스 조회 중...
2026-03-20 14:46:37,128 [INFO]    ℹ️ 변동 사항 없음
2026-03-20 14:46:37,433 [INFO] 🔎 [5] 행정안전부_문화_비디오물배급업 조회서비스 조회 중...
2026-03-20 14:46:37,452 [INFO]    ℹ️ 변동 사항 없음
2026-03-20 14:46:37,755 [INFO] 🔎 [6] 행정안전부_문화_비디오물소극장업 조회서비스 조회 중...
2026-03-20 14:46:38,962 [INFO]    ℹ️ 변동 사항 없음
2026-03-20 14:46:39,267 [INFO] 🔎 [7] 행정안전부_문화_비디오물시청제공업 조회서비스 조회 중...
2026-03-20 14:46:39,285 [INFO]    ℹ️ 변동 사항 없음
2026-03-20 14:46:39,588 [INFO] 🔎 [8] 행정안전부_문화_비디오물제작업 조회서비스 조회 중...
2026-03-20 14:46:40,222 [INFO]    ℹ️ 변동 사항 없음
2026-03-20 14:46:40,527 [INFO] 🔎 [9] 행정안전부_문화_관광숙박업 조회서비스 조회 중...
2026-03-20 14:46:40,545 [INFO]    ℹ️ 변동 사항 없음
2026-03-20 14:46:40,851 [INFO] 🔎 [10] 행정안전부_문화_관광펜션업 조회서비스 조회 중...
2026-03-20 14:46:41,349 [INFO]    ℹ️ 변동 사항 없음
2026-03-20 14:46:41,653 [INFO] 🔎 [11] 행정안전부_문화_농어촌민박업 조회서비스 조회 중...
2026-03-20 14:46:41,991 [INFO]    ℹ️ 변동 사항 없음
2026-03-20 14:46:42,294 [INFO] 🔎 [12] 행정안전부_문화_숙박업 조회서비스 조회 중...
2026-03-20 14:46:42,310 [INFO]    ℹ️ 변동 사항 없음
2026-03-20 14:46:42,615 [INFO] 🔎 [13] 행정안전부_문화_외국인관광도시민박업 조회서비스 조회 중...
2026-03-20 14:46:43,468 [INFO]    ℹ️ 변동 사항 없음
2026-03-20 14:46:43,772 [INFO] 🔎 [14] 행정안전부_문화_일반야영장업 조회서비스 조회 중...
2026-03-20 14:46:43,837 [INFO]    ℹ️ 변동 사항 없음
2026-03-20 14:46:44,139 [INFO] 🔎 [15] 행정안전부_문화_자동차야영장업 조회서비스 조회 중...
2026-03-20 14:46:44,155 [INFO]    ℹ️ 변동 사항 없음
2026-03-20 14:46:44,460 [INFO] 🔎 [16] 행정안전부_문화_한옥체험업 조회서비스 조회 중...
2026-03-20 14:46:46,697 [INFO]    ℹ️ 변동 사항 없음
2026-03-20 14:46:47,004 [INFO] 🔎 [17] 행정안전부_문화_국내여행업 조회서비스 조회 중...
2026-03-20 14:46:47,020 [INFO]    ℹ️ 변동 사항 없음
2026-03-20 14:46:47,323 [INFO] 🔎 [18] 행정안전부_문화_국내외여행업 조회서비스 조회 중...
2026-03-20 14:46:49,114 [INFO]    ℹ️ 변동 사항 없음
2026-03-20 14:46:49,420 [INFO] 🔎 [19] 행정안전부_문화_종합여행업 조회서비스 조회 중...
2026-03-20 14:46:49,438 [INFO]    ℹ️ 변동 사항 없음
2026-03-20 14:46:49,739 [INFO] 🔎 [20] 행정안전부_문화_영화배급업 조회서비스 조회 중...
2026-03-20 14:46:49,865 [INFO]    ℹ️ 변동 사항 없음
2026-03-20 14:46:50,171 [INFO] 🔎 [21] 행정안전부_문화_영화상영관 조회서비스 조회 중...
2026-03-20 14:46:50,188 [INFO]    ℹ️ 변동 사항 없음
2026-03-20 14:46:50,491 [INFO] 🔎 [22] 행정안전부_문화_영화상영업 조회서비스 조회 중...
2026-03-20 14:46:50,516 [INFO]    ℹ️ 변동 사항 없음
2026-03-20 14:46:50,822 [INFO] 🔎 [23] 행정안전부_문화_영화수입업 조회서비스 조회 중...
2026-03-20 14:46:50,954 [INFO]    ℹ️ 변동 사항 없음
2026-03-20 14:46:51,259 [INFO] 🔎 [24] 행정안전부_문화_영화제작업 조회서비스 조회 중...
2026-03-20 14:46:51,286 [INFO]    ℹ️ 변동 사항 없음
2026-03-20 14:46:51,592 [INFO] 🔎 [25] 행정안전부_문화_온라인음악서비스제공업 조회서비스 조회 중...
2026-03-20 14:46:51,607 [INFO]    ℹ️ 변동 사항 없음
2026-03-20 14:46:51,914 [INFO] 🔎 [26] 행정안전부_문화_음반및음악영상물배급업 조회서비스 조회 중...
2026-03-20 14:46:51,997 [INFO]    ℹ️ 변동 사항 없음
2026-03-20 14:46:52,302 [INFO] 🔎 [27] 행정안전부_문화_음반및음악영상물제작업 조회서비스 조회 중...
2026-03-20 14:46:52,316 [INFO]    ℹ️ 변동 사항 없음
2026-03-20 14:46:52,623 [INFO] 🔎 [28] 행정안전부_문화_음반물배급업 조회서비스 조회 중...
2026-03-20 14:46:52,856 [INFO]    ℹ️ 변동 사항 없음
2026-03-20 14:46:53,159 [INFO] 🔎 [29] 행정안전부_문화_음반물제작업 조회서비스 조회 중...
2026-03-20 14:46:53,184 [INFO]    ℹ️ 변동 사항 없음
2026-03-20 14:46:53,488 [INFO] 🔎 [30] 행정안전부_생활_이용업 조회서비스 조회 중...
2026-03-20 14:46:53,508 [INFO]    ℹ️ 변동 사항 없음
2026-03-20 14:46:53,815 [INFO] 🔎 [31] 행정안전부_생활_세탁업 조회서비스 조회 중...
2026-03-20 14:46:53,840 [INFO]    ℹ️ 변동 사항 없음
2026-03-20 14:46:54,145 [INFO] 🔎 [32] 행정안전부_생활_의료기관세탁물처리업 조회서비스 조회 중...
2026-03-20 14:46:54,165 [INFO]    ℹ️ 변동 사항 없음
2026-03-20 14:46:54,467 [INFO] 🔎 [33] 행정안전부_생활_다단계판매업체 조회서비스 조회 중...
2026-03-20 14:46:54,490 [INFO]    ℹ️ 변동 사항 없음
2026-03-20 14:46:54,792 [INFO] 🔎 [34] 행정안전부_생활_대규모점포 조회서비스 조회 중...
2026-03-20 14:46:54,824 [INFO]    ℹ️ 변동 사항 없음
2026-03-20 14:46:55,127 [INFO] 🔎 [35] 행정안전부_생활_방문판매업 조회서비스 조회 중...
2026-03-20 14:46:55,142 [INFO]    ℹ️ 변동 사항 없음
2026-03-20 14:46:55,446 [INFO] 🔎 [36] 행정안전부_생활_전화권유판매업 조회서비스 조회 중...
2026-03-20 14:46:55,463 [INFO]    ℹ️ 변동 사항 없음
2026-03-20 14:46:55,768 [INFO] 🔎 [37] 행정안전부_생활_통신판매업 조회서비스 조회 중...
2026-03-20 14:46:55,817 [INFO]    ℹ️ 변동 사항 없음
2026-03-20 14:46:56,122 [INFO] 🔎 [38] 행정안전부_생활_후원방문판매업체 조회서비스 조회 중...
2026-03-20 14:46:56,141 [INFO]    ℹ️ 변동 사항 없음
2026-03-20 14:46:56,446 [INFO] 🔎 [39] 행정안전부_생활_골프연습장업 조회서비스 조회 중...
2026-03-20 14:46:56,471 [INFO]    ℹ️ 변동 사항 없음
2026-03-20 14:46:56,777 [INFO] 🔎 [40] 행정안전부_생활_골프장 조회서비스 조회 중...
2026-03-20 14:46:56,803 [INFO]    ℹ️ 변동 사항 없음
2026-03-20 14:46:57,109 [INFO] 🔎 [41] 행정안전부_생활_당구장업 조회서비스 조회 중...
2026-03-20 14:46:57,130 [INFO]    ℹ️ 변동 사항 없음
2026-03-20 14:46:57,434 [INFO] 🔎 [42] 행정안전부_생활_등록체육시설업 조회서비스 조회 중...
2026-03-20 14:46:57,454 [INFO]    ℹ️ 변동 사항 없음
2026-03-20 14:46:57,758 [INFO] 🔎 [43] 행정안전부_생활_무도장업 조회서비스 조회 중...
2026-03-20 14:46:58,077 [INFO]    ℹ️ 변동 사항 없음
2026-03-20 14:46:58,383 [INFO] 🔎 [44] 행정안전부_생활_무도학원업 조회서비스 조회 중...
2026-03-20 14:46:58,406 [INFO]    ℹ️ 변동 사항 없음
2026-03-20 14:46:58,711 [INFO] 🔎 [45] 행정안전부_생활_빙상장업 조회서비스 조회 중...
2026-03-20 14:46:59,063 [INFO]    ℹ️ 변동 사항 없음
2026-03-20 14:46:59,369 [INFO] 🔎 [46] 행정안전부_생활_수영장업 조회서비스 조회 중...
2026-03-20 14:46:59,389 [INFO]    ℹ️ 변동 사항 없음
2026-03-20 14:46:59,695 [INFO] 🔎 [47] 행정안전부_생활_스키장 조회서비스 조회 중...
2026-03-20 14:46:59,814 [INFO]    ℹ️ 변동 사항 없음
2026-03-20 14:47:00,115 [INFO] 🔎 [48] 행정안전부_생활_승마장업 조회서비스 조회 중...
2026-03-20 14:47:00,132 [INFO]    ℹ️ 변동 사항 없음
2026-03-20 14:47:00,436 [INFO] 🔎 [49] 행정안전부_생활_썰매장업 조회서비스 조회 중...
2026-03-20 14:47:00,464 [INFO]    ℹ️ 변동 사항 없음
2026-03-20 14:47:00,769 [INFO] 🔎 [50] 행정안전부_생활_요트장업 조회서비스 조회 중...
2026-03-20 14:47:01,307 [INFO]    ℹ️ 변동 사항 없음
2026-03-20 14:47:01,613 [INFO] 🔎 [51] 행정안전부_생활_종합체육시설업 조회서비스 조회 중...
2026-03-20 14:47:01,627 [INFO]    ℹ️ 변동 사항 없음
2026-03-20 14:47:01,933 [INFO] 🔎 [52] 행정안전부_생활_체력단련장업 조회서비스 조회 중...
2026-03-20 14:47:01,951 [INFO]    ℹ️ 변동 사항 없음
2026-03-20 14:47:02,257 [INFO] 🔎 [53] 행정안전부_생활_체육도장업 조회서비스 조회 중...
2026-03-20 14:47:02,272 [INFO]    ℹ️ 변동 사항 없음
2026-03-20 14:47:02,578 [INFO] 🔎 [54] 행정안전부_생활_목욕장업 조회서비스 조회 중...
2026-03-20 14:47:02,746 [INFO]    ℹ️ 변동 사항 없음
2026-03-20 14:47:03,047 [INFO] 🔎 [55] 행정안전부_자원환경_목재수입유통업 조회서비스 조회 중...
2026-03-20 14:47:03,795 [INFO]    ℹ️ 변동 사항 없음
2026-03-20 14:47:04,097 [INFO] 🔎 [56] 행정안전부_자원환경_원목생산업 조회서비스 조회 중...
2026-03-20 14:47:04,112 [INFO]    ℹ️ 변동 사항 없음
2026-03-20 14:47:04,419 [INFO] 🔎 [57] 행정안전부_자원환경_제재업 조회서비스 조회 중...
2026-03-20 14:47:04,436 [INFO]    ℹ️ 변동 사항 없음
2026-03-20 14:47:04,742 [INFO] 🔎 [58] 행정안전부_자원환경_계량기수리업 조회서비스 조회 중...
2026-03-20 14:47:04,831 [INFO]    ℹ️ 변동 사항 없음
2026-03-20 14:47:05,138 [INFO] 🔎 [59] 행정안전부_자원환경_계량기수입업 조회서비스 조회 중...
2026-03-20 14:47:05,160 [INFO]    ℹ️ 변동 사항 없음
2026-03-20 14:47:05,466 [INFO] 🔎 [60] 행정안전부_자원환경_계량기제조업 조회서비스 조회 중...
2026-03-20 14:47:05,483 [INFO]    ℹ️ 변동 사항 없음
2026-03-20 14:47:05,787 [INFO] 🔎 [61] 행정안전부_자원환경_계량기증명업 조회서비스 조회 중...
2026-03-20 14:47:06,293 [INFO]    ℹ️ 변동 사항 없음
2026-03-20 14:47:06,596 [INFO] 🔎 [62] 행정안전부_자원환경_고압가스업 조회서비스 조회 중...
2026-03-20 14:47:06,658 [INFO]    ℹ️ 변동 사항 없음
2026-03-20 14:47:06,961 [INFO] 🔎 [63] 행정안전부_자원환경_석연탄제조업 조회서비스 조회 중...
2026-03-20 14:47:06,977 [INFO]    ℹ️ 변동 사항 없음
2026-03-20 14:47:07,282 [INFO] 🔎 [64] 행정안전부_자원환경_석유및석유대체연료판매업체 조회서비스 조회 중...
2026-03-20 14:47:07,295 [INFO]    ℹ️ 변동 사항 없음
2026-03-20 14:47:07,601 [INFO] 🔎 [65] 행정안전부_자원환경_석유판매업 조회서비스 조회 중...
2026-03-20 14:47:08,382 [INFO]    ℹ️ 변동 사항 없음
2026-03-20 14:47:08,685 [INFO] 🔎 [66] 행정안전부_자원환경_액화석유가스용품제조업체 조회서비스 조회 중...
2026-03-20 14:47:10,522 [INFO]    ℹ️ 변동 사항 없음
2026-03-20 14:47:10,825 [INFO] 🔎 [67] 행정안전부_자원환경_일반도시가스업체 조회서비스 조회 중...
2026-03-20 14:47:12,536 [INFO]    ℹ️ 변동 사항 없음
2026-03-20 14:47:12,842 [INFO] 🔎 [68] 행정안전부_자원환경_전력기술감리업체 조회서비스 조회 중...
2026-03-20 14:47:14,424 [INFO]    ℹ️ 변동 사항 없음
2026-03-20 14:47:14,730 [INFO] 🔎 [69] 행정안전부_자원환경_전력기술설계업체 조회서비스 조회 중...
2026-03-20 14:47:14,752 [INFO]    ℹ️ 변동 사항 없음
2026-03-20 14:47:15,055 [INFO] 🔎 [70] 행정안전부_자원환경_특정고압가스업 조회서비스 조회 중...
2026-03-20 14:47:16,673 [INFO]    ℹ️ 변동 사항 없음
2026-03-20 14:47:16,978 [INFO] 🔎 [71] 행정안전부_자원환경_지하수시공업체 조회서비스 조회 중...
2026-03-20 14:47:16,994 [INFO]    ℹ️ 변동 사항 없음
2026-03-20 14:47:17,298 [INFO] 🔎 [72] 행정안전부_자원환경_지하수영향조사기관 조회서비스 조회 중...
2026-03-20 14:47:17,316 [INFO]    ℹ️ 변동 사항 없음
2026-03-20 14:47:17,622 [INFO] 🔎 [73] 행정안전부_자원환경_지하수정화업체 조회서비스 조회 중...
2026-03-20 14:47:19,646 [INFO]    ℹ️ 변동 사항 없음
2026-03-20 14:47:19,951 [INFO] 🔎 [74] 행정안전부_자원환경_가축분뇨수집운반업 조회서비스 조회 중...
2026-03-20 14:47:19,963 [INFO]    ℹ️ 변동 사항 없음
2026-03-20 14:47:20,265 [INFO] 🔎 [75] 행정안전부_자원환경_가축분뇨배출시설관리업(사업장) 조회서비스 조회 중...
2026-03-20 14:47:20,472 [INFO]    ℹ️ 변동 사항 없음
2026-03-20 14:47:20,777 [INFO] 🔎 [76] 행정안전부_자원환경_개인하수처리시설관리업(사업장) 조회서비스 조회 중...
2026-03-20 14:47:20,788 [INFO]    ℹ️ 변동 사항 없음
2026-03-20 14:47:21,094 [INFO] 🔎 [77] 행정안전부_자원환경_건물위생관리업 조회서비스 조회 중...
2026-03-20 14:47:21,109 [INFO]    ℹ️ 변동 사항 없음
2026-03-20 14:47:21,415 [INFO] 🔎 [78] 행정안전부_자원환경_건설폐기물처리업 조회서비스 조회 중...
2026-03-20 14:47:22,213 [INFO]    ℹ️ 변동 사항 없음
2026-03-20 14:47:22,519 [INFO] 🔎 [79] 행정안전부_자원환경_급수공사대행업 조회서비스 조회 중...
2026-03-20 14:47:22,622 [INFO]    ℹ️ 변동 사항 없음
2026-03-20 14:47:22,927 [INFO] 🔎 [80] 행정안전부_자원환경_단독정화조 및 오수처리시설설계시공업 조회서비스 조회 중...
2026-03-20 14:47:22,942 [INFO]    ℹ️ 변동 사항 없음
2026-03-20 14:47:23,248 [INFO] 🔎 [81] 행정안전부_자원환경_대기오염물질배출시설설치사업장 조회서비스 조회 중...
2026-03-20 14:47:23,263 [INFO]    ℹ️ 변동 사항 없음
2026-03-20 14:47:23,568 [INFO] 🔎 [82] 행정안전부_자원환경_배출가스전문정비사업자(확인검사대행자) 조회서비스 조회 중...
2026-03-20 14:47:24,562 [INFO]    ℹ️ 변동 사항 없음
2026-03-20 14:47:24,868 [INFO] 🔎 [83] 행정안전부_자원환경_분뇨수집운반업 조회서비스 조회 중...
2026-03-20 14:47:24,884 [INFO]    ℹ️ 변동 사항 없음
2026-03-20 14:47:25,188 [INFO] 🔎 [84] 행정안전부_자원환경_소독업 조회서비스 조회 중...
2026-03-20 14:47:25,204 [INFO]    ℹ️ 변동 사항 없음
2026-03-20 14:47:25,510 [INFO] 🔎 [85] 행정안전부_자원환경_수질오염원설치시설(기타) 조회서비스 조회 중...
2026-03-20 14:47:25,530 [INFO]    ℹ️ 변동 사항 없음
2026-03-20 14:47:25,836 [INFO] 🔎 [86] 행정안전부_자원환경_쓰레기종량제봉투판매업 조회서비스 조회 중...
2026-03-20 14:47:25,957 [INFO]    ℹ️ 변동 사항 없음
2026-03-20 14:47:26,259 [INFO] 🔎 [87] 행정안전부_자원환경_저수조청소업 조회서비스 조회 중...
2026-03-20 14:47:26,275 [INFO]    ℹ️ 변동 사항 없음
2026-03-20 14:47:26,578 [INFO] 🔎 [88] 행정안전부_자원환경_환경관리대행기관 조회서비스 조회 중...
2026-03-20 14:47:26,599 [INFO]    ℹ️ 변동 사항 없음
2026-03-20 14:47:26,904 [INFO] 🔎 [89] 행정안전부_자원환경_환경전문공사업 조회서비스 조회 중...
2026-03-20 14:47:26,921 [INFO]    ℹ️ 변동 사항 없음
2026-03-20 14:47:27,227 [INFO] 🔎 [90] 행정안전부_자원환경_환경측정대행업 조회서비스 조회 중...
2026-03-20 14:47:27,245 [INFO]    ℹ️ 변동 사항 없음
2026-03-20 14:47:27,549 [INFO] 🔎 [91] 행정안전부_자원환경_환경컨설팅회사 조회서비스 조회 중...
2026-03-20 14:47:28,049 [INFO]    ℹ️ 변동 사항 없음
2026-03-20 14:47:28,351 [INFO] 🔎 [92] 행정안전부_기타_옥외광고업 조회서비스 조회 중...
2026-03-20 14:47:28,366 [INFO]    ℹ️ 변동 사항 없음
2026-03-20 14:47:28,672 [INFO] 🔎 [93] 행정안전부_기타_인쇄사 조회서비스 조회 중...
2026-03-20 14:47:28,688 [INFO]    ℹ️ 변동 사항 없음
2026-03-20 14:47:28,990 [INFO] 🔎 [94] 행정안전부_기타_출판사 조회서비스 조회 중...
2026-03-20 14:47:29,006 [INFO]    ℹ️ 변동 사항 없음
2026-03-20 14:47:29,312 [INFO] 🔎 [95] 행정안전부_기타_담배도매업 조회서비스 조회 중...
2026-03-20 14:47:29,329 [INFO]    ℹ️ 변동 사항 없음
2026-03-20 14:47:29,635 [INFO] 🔎 [96] 행정안전부_기타_담배소매업 조회서비스 조회 중...
2026-03-20 14:47:30,704 [INFO]    ℹ️ 변동 사항 없음
2026-03-20 14:47:31,010 [INFO] 🔎 [97] 행정안전부_기타_국제물류주선업 조회서비스 조회 중...
2026-03-20 14:47:31,027 [INFO]    ℹ️ 변동 사항 없음
2026-03-20 14:47:31,332 [INFO] 🔎 [98] 행정안전부_기타_민방위급수시설 조회서비스 조회 중...
2026-03-20 14:47:31,348 [INFO]    ℹ️ 변동 사항 없음
2026-03-20 14:47:31,652 [INFO] 🔎 [99] 행정안전부_기타_승강기유지관리업체 조회서비스 조회 중...
2026-03-20 14:47:31,667 [INFO]    ℹ️ 변동 사항 없음
2026-03-20 14:47:31,972 [INFO] 🔎 [100] 행정안전부_기타_승강기제조및수입업체 조회서비스 조회 중...
2026-03-20 14:47:32,651 [INFO]    ℹ️ 변동 사항 없음
2026-03-20 14:47:32,955 [INFO] 🔎 [101] 행정안전부_기타_요양보호사교육기관 조회서비스 조회 중...
2026-03-20 14:47:32,969 [INFO]    ℹ️ 변동 사항 없음
2026-03-20 14:47:33,271 [INFO] 🔎 [102] 행정안전부_기타_장례지도사 교육기관 조회서비스 조회 중...
2026-03-20 14:47:34,905 [INFO]    ℹ️ 변동 사항 없음
2026-03-20 14:47:35,211 [INFO] 🔎 [103] 행정안전부_기타_무료직업소개소 조회서비스 조회 중...
2026-03-20 14:47:35,227 [INFO]    ℹ️ 변동 사항 없음
2026-03-20 14:47:35,529 [INFO] 🔎 [104] 행정안전부_기타_유료직업소개소 조회서비스 조회 중...
2026-03-20 14:47:36,933 [INFO]    ℹ️ 변동 사항 없음
2026-03-20 14:47:37,236 [WARNING] ⚠️ 오늘(타겟 날짜)의 변동 데이터가 없습니다.
2026-03-20 14:47:37,237 [INFO] 🏁 작업 종료.
2026-03-20 14:47:46,167 [INFO] ✅ 기초 자료 및 매핑 로드 완료 (Mode: DAILY, Target Date: 2026-03-20, Workers: 20)
2026-03-20 14:47:46,168 [INFO] 🚀 일일 변동분 수집 시작 (2026-03-20 기준)
2026-03-20 14:47:46,168 [INFO] 🔎 [1] 행정안전부_문화_국제회의기획업 조회서비스 조회 중...
2026-03-20 14:47:46,190 [INFO]    ℹ️ 변동 사항 없음
2026-03-20 14:47:46,493 [INFO] 🔎 [2] 행정안전부_문화_대중문화예술기획업 조회서비스 조회 중...
2026-03-20 14:47:46,510 [INFO]    ℹ️ 변동 사항 없음
2026-03-20 14:47:46,812 [INFO] 🔎 [3] 행정안전부_문화_문화예술법인 조회서비스 조회 중...
2026-03-20 14:47:47,229 [INFO]    ℹ️ 변동 사항 없음
2026-03-20 14:47:47,535 [INFO] 🔎 [4] 행정안전부_문화_비디오물감상실업 조회서비스 조회 중...
2026-03-20 14:47:49,639 [INFO]    ℹ️ 변동 사항 없음
2026-03-20 14:47:49,944 [INFO] 🔎 [5] 행정안전부_문화_비디오물배급업 조회서비스 조회 중...
2026-03-20 14:47:49,960 [INFO]    ℹ️ 변동 사항 없음
2026-03-20 14:47:50,266 [INFO] 🔎 [6] 행정안전부_문화_비디오물소극장업 조회서비스 조회 중...
2026-03-20 14:47:50,282 [INFO]    ℹ️ 변동 사항 없음
2026-03-20 14:47:50,588 [INFO] 🔎 [7] 행정안전부_문화_비디오물시청제공업 조회서비스 조회 중...
2026-03-20 14:47:51,944 [INFO]    ℹ️ 변동 사항 없음
2026-03-20 14:47:52,250 [INFO] 🔎 [8] 행정안전부_문화_비디오물제작업 조회서비스 조회 중...
2026-03-20 14:47:52,267 [INFO]    ℹ️ 변동 사항 없음
2026-03-20 14:47:52,573 [INFO] 🔎 [9] 행정안전부_문화_관광숙박업 조회서비스 조회 중...
2026-03-20 14:47:55,179 [INFO]    ℹ️ 변동 사항 없음
2026-03-20 14:47:55,485 [INFO] 🔎 [10] 행정안전부_문화_관광펜션업 조회서비스 조회 중...
2026-03-20 14:47:57,712 [INFO]    ℹ️ 변동 사항 없음
2026-03-20 14:47:58,018 [INFO] 🔎 [11] 행정안전부_문화_농어촌민박업 조회서비스 조회 중...
2026-03-20 14:47:58,036 [INFO]    ℹ️ 변동 사항 없음
2026-03-20 14:47:58,342 [INFO] 🔎 [12] 행정안전부_문화_숙박업 조회서비스 조회 중...
2026-03-20 14:47:58,361 [INFO]    ℹ️ 변동 사항 없음
2026-03-20 14:47:58,666 [INFO] 🔎 [13] 행정안전부_문화_외국인관광도시민박업 조회서비스 조회 중...
2026-03-20 14:47:58,684 [INFO]    ℹ️ 변동 사항 없음
2026-03-20 14:47:58,989 [INFO] 🔎 [14] 행정안전부_문화_일반야영장업 조회서비스 조회 중...
2026-03-20 14:47:59,111 [INFO]    ℹ️ 변동 사항 없음
2026-03-20 14:47:59,417 [INFO] 🔎 [15] 행정안전부_문화_자동차야영장업 조회서비스 조회 중...
2026-03-20 14:47:59,428 [INFO]    ℹ️ 변동 사항 없음
2026-03-20 14:47:59,734 [INFO] 🔎 [16] 행정안전부_문화_한옥체험업 조회서비스 조회 중...
2026-03-20 14:48:00,710 [INFO]    ℹ️ 변동 사항 없음
2026-03-20 14:48:01,010 [INFO] 🔎 [17] 행정안전부_문화_국내여행업 조회서비스 조회 중...
2026-03-20 14:48:03,639 [INFO]    ℹ️ 변동 사항 없음
2026-03-20 14:48:03,942 [INFO] 🔎 [18] 행정안전부_문화_국내외여행업 조회서비스 조회 중...
2026-03-20 14:48:06,546 [INFO]    ℹ️ 변동 사항 없음
2026-03-20 14:48:06,848 [INFO] 🔎 [19] 행정안전부_문화_종합여행업 조회서비스 조회 중...
2026-03-20 14:48:06,996 [INFO]    ℹ️ 변동 사항 없음
2026-03-20 14:48:07,301 [INFO] 🔎 [20] 행정안전부_문화_영화배급업 조회서비스 조회 중...
2026-03-20 14:48:07,316 [INFO]    ℹ️ 변동 사항 없음
2026-03-20 14:48:07,621 [INFO] 🔎 [21] 행정안전부_문화_영화상영관 조회서비스 조회 중...
2026-03-20 14:48:07,638 [INFO]    ℹ️ 변동 사항 없음
2026-03-20 14:48:07,944 [INFO] 🔎 [22] 행정안전부_문화_영화상영업 조회서비스 조회 중...
2026-03-20 14:48:08,287 [INFO]    ℹ️ 변동 사항 없음
2026-03-20 14:48:08,590 [INFO] 🔎 [23] 행정안전부_문화_영화수입업 조회서비스 조회 중...
2026-03-20 14:48:08,609 [INFO]    ℹ️ 변동 사항 없음
2026-03-20 14:48:08,915 [INFO] 🔎 [24] 행정안전부_문화_영화제작업 조회서비스 조회 중...
2026-03-20 14:48:08,930 [INFO]    ℹ️ 변동 사항 없음
2026-03-20 14:48:09,236 [INFO] 🔎 [25] 행정안전부_문화_온라인음악서비스제공업 조회서비스 조회 중...
2026-03-20 14:48:09,253 [INFO]    ℹ️ 변동 사항 없음
2026-03-20 14:48:09,560 [INFO] 🔎 [26] 행정안전부_문화_음반및음악영상물배급업 조회서비스 조회 중...
2026-03-20 14:48:11,970 [INFO]    ℹ️ 변동 사항 없음
2026-03-20 14:48:12,276 [INFO] 🔎 [27] 행정안전부_문화_음반및음악영상물제작업 조회서비스 조회 중...
2026-03-20 14:48:15,044 [INFO]    ℹ️ 변동 사항 없음
2026-03-20 14:48:15,350 [INFO] 🔎 [28] 행정안전부_문화_음반물배급업 조회서비스 조회 중...
2026-03-20 14:48:17,504 [INFO]    ℹ️ 변동 사항 없음
2026-03-20 14:48:17,807 [INFO] 🔎 [29] 행정안전부_문화_음반물제작업 조회서비스 조회 중...
2026-03-20 14:48:17,974 [INFO]    ℹ️ 변동 사항 없음
2026-03-20 14:48:18,280 [INFO] 🔎 [30] 행정안전부_생활_이용업 조회서비스 조회 중...
2026-03-20 14:48:20,469 [INFO]    ℹ️ 변동 사항 없음
2026-03-20 14:48:20,773 [INFO] 🔎 [31] 행정안전부_생활_세탁업 조회서비스 조회 중...
2026-03-20 14:48:21,045 [INFO]    ℹ️ 변동 사항 없음
2026-03-20 14:48:21,351 [INFO] 🔎 [32] 행정안전부_생활_의료기관세탁물처리업 조회서비스 조회 중...
2026-03-20 14:48:21,364 [INFO]    ℹ️ 변동 사항 없음
2026-03-20 14:48:21,670 [INFO] 🔎 [33] 행정안전부_생활_다단계판매업체 조회서비스 조회 중...
2026-03-20 14:48:23,237 [INFO]    ℹ️ 변동 사항 없음
2026-03-20 14:48:23,543 [INFO] 🔎 [34] 행정안전부_생활_대규모점포 조회서비스 조회 중...
2026-03-20 14:48:25,840 [INFO]    ℹ️ 변동 사항 없음
2026-03-20 14:48:26,145 [INFO] 🔎 [35] 행정안전부_생활_방문판매업 조회서비스 조회 중...
2026-03-20 14:48:26,163 [INFO]    ℹ️ 변동 사항 없음
2026-03-20 14:48:26,468 [INFO] 🔎 [36] 행정안전부_생활_전화권유판매업 조회서비스 조회 중...
2026-03-20 14:48:26,483 [INFO]    ℹ️ 변동 사항 없음
2026-03-20 14:48:26,785 [INFO] 🔎 [37] 행정안전부_생활_통신판매업 조회서비스 조회 중...
2026-03-20 14:48:27,213 [INFO]    ... 총 2986554건, 5974 페이지 처리 시작 (Workers: 20)
2026-03-20 14:48:28,208 [WARNING] Connection pool is full, discarding connection: apis.data.go.kr. Connection pool size: 10
2026-03-20 14:48:28,216 [WARNING] Connection pool is full, discarding connection: apis.data.go.kr. Connection pool size: 10
2026-03-20 14:48:28,220 [WARNING] Connection pool is full, discarding connection: apis.data.go.kr. Connection pool size: 10
2026-03-20 14:48:28,226 [WARNING] Connection pool is full, discarding connection: apis.data.go.kr. Connection pool size: 10
2026-03-20 14:48:28,238 [WARNING] Connection pool is full, discarding connection: apis.data.go.kr. Connection pool size: 10
2026-03-20 14:48:28,238 [WARNING] Connection pool is full, discarding connection: apis.data.go.kr. Connection pool size: 10
2026-03-20 14:48:28,240 [WARNING] Connection pool is full, discarding connection: apis.data.go.kr. Connection pool size: 10
2026-03-20 14:48:28,247 [WARNING] Connection pool is full, discarding connection: apis.data.go.kr. Connection pool size: 10
2026-03-20 14:48:28,247 [WARNING] Connection pool is full, discarding connection: apis.data.go.kr. Connection pool size: 10
2026-03-20 14:48:28,251 [WARNING] Connection pool is full, discarding connection: apis.data.go.kr. Connection pool size: 10
2026-03-20 14:48:28,252 [INFO]       ... 1/5974 페이지 진행 중...
2026-03-20 14:48:30,699 [WARNING] Connection pool is full, discarding connection: apis.data.go.kr. Connection pool size: 10
2026-03-20 14:48:30,715 [WARNING] Connection pool is full, discarding connection: apis.data.go.kr. Connection pool size: 10
2026-03-20 14:48:30,715 [WARNING] Connection pool is full, discarding connection: apis.data.go.kr. Connection pool size: 10
2026-03-20 14:48:30,717 [WARNING] Connection pool is full, discarding connection: apis.data.go.kr. Connection pool size: 10
2026-03-20 14:48:30,718 [WARNING] Connection pool is full, discarding connection: apis.data.go.kr. Connection pool size: 10
2026-03-20 14:48:30,720 [WARNING] Connection pool is full, discarding connection: apis.data.go.kr. Connection pool size: 10
2026-03-20 14:48:30,721 [WARNING] Connection pool is full, discarding connection: apis.data.go.kr. Connection pool size: 10
2026-03-20 14:48:30,722 [WARNING] Connection pool is full, discarding connection: apis.data.go.kr. Connection pool size: 10
2026-03-20 14:48:30,734 [WARNING] Connection pool is full, discarding connection: apis.data.go.kr. Connection pool size: 10
2026-03-20 14:48:30,734 [WARNING] Connection pool is full, discarding connection: apis.data.go.kr. Connection pool size: 10
2026-03-20 14:48:34,053 [WARNING] Connection pool is full, discarding connection: apis.data.go.kr. Connection pool size: 10
2026-03-20 14:48:34,055 [WARNING] Connection pool is full, discarding connection: apis.data.go.kr. Connection pool size: 10
2026-03-20 14:48:34,055 [WARNING] Connection pool is full, discarding connection: apis.data.go.kr. Connection pool size: 10
2026-03-20 14:48:34,056 [WARNING] Connection pool is full, discarding connection: apis.data.go.kr. Connection pool size: 10
2026-03-20 14:48:34,056 [WARNING] Connection pool is full, discarding connection: apis.data.go.kr. Connection pool size: 10
2026-03-20 14:48:34,061 [WARNING] Connection pool is full, discarding connection: apis.data.go.kr. Connection pool size: 10
2026-03-20 14:48:34,061 [WARNING] Connection pool is full, discarding connection: apis.data.go.kr. Connection pool size: 10
2026-03-20 14:48:34,062 [WARNING] Connection pool is full, discarding connection: apis.data.go.kr. Connection pool size: 10
2026-03-20 14:48:34,066 [WARNING] Connection pool is full, discarding connection: apis.data.go.kr. Connection pool size: 10
2026-03-20 14:48:34,071 [WARNING] Connection pool is full, discarding connection: apis.data.go.kr. Connection pool size: 10
2026-03-20 14:48:34,076 [INFO]       ... 81/5974 페이지 진행 중...
2026-03-20 14:48:36,279 [WARNING] Connection pool is full, discarding connection: apis.data.go.kr. Connection pool size: 10
2026-03-20 14:48:36,310 [WARNING] Connection pool is full, discarding connection: apis.data.go.kr. Connection pool size: 10
2026-03-20 14:48:36,658 [WARNING] Connection pool is full, discarding connection: apis.data.go.kr. Connection pool size: 10
2026-03-20 14:48:36,661 [WARNING] Connection pool is full, discarding connection: apis.data.go.kr. Connection pool size: 10
2026-03-20 14:48:38,834 [WARNING] Connection pool is full, discarding connection: apis.data.go.kr. Connection pool size: 10
2026-03-20 14:48:38,838 [WARNING] Connection pool is full, discarding connection: apis.data.go.kr. Connection pool size: 10
2026-03-20 14:48:38,838 [WARNING] Connection pool is full, discarding connection: apis.data.go.kr. Connection pool size: 10
2026-03-20 14:48:38,842 [WARNING] Connection pool is full, discarding connection: apis.data.go.kr. Connection pool size: 10
2026-03-20 14:48:38,843 [WARNING] Connection pool is full, discarding connection: apis.data.go.kr. Connection pool size: 10
2026-03-20 14:48:38,846 [WARNING] Connection pool is full, discarding connection: apis.data.go.kr. Connection pool size: 10
2026-03-20 14:48:40,880 [WARNING] Connection pool is full, discarding connection: apis.data.go.kr. Connection pool size: 10
2026-03-20 14:48:40,941 [WARNING] Connection pool is full, discarding connection: apis.data.go.kr. Connection pool size: 10
2026-03-20 14:48:40,994 [WARNING] Connection pool is full, discarding connection: apis.data.go.kr. Connection pool size: 10
2026-03-20 14:48:41,385 [WARNING] Connection pool is full, discarding connection: apis.data.go.kr. Connection pool size: 10
2026-03-20 14:48:41,394 [WARNING] Connection pool is full, discarding connection: apis.data.go.kr. Connection pool size: 10
2026-03-20 14:48:42,265 [WARNING] Connection pool is full, discarding connection: apis.data.go.kr. Connection pool size: 10
2026-03-20 14:48:42,265 [WARNING] Connection pool is full, discarding connection: apis.data.go.kr. Connection pool size: 10
2026-03-20 14:48:42,273 [WARNING] Connection pool is full, discarding connection: apis.data.go.kr. Connection pool size: 10
2026-03-20 14:48:42,277 [WARNING] Connection pool is full, discarding connection: apis.data.go.kr. Connection pool size: 10
2026-03-20 14:48:42,282 [WARNING] Connection pool is full, discarding connection: apis.data.go.kr. Connection pool size: 10
2026-03-20 14:48:42,285 [INFO]       ... 161/5974 페이지 진행 중...
2026-03-20 14:48:44,527 [WARNING] Connection pool is full, discarding connection: apis.data.go.kr. Connection pool size: 10
2026-03-20 14:48:44,529 [WARNING] Connection pool is full, discarding connection: apis.data.go.kr. Connection pool size: 10
2026-03-20 14:48:44,537 [WARNING] Connection pool is full, discarding connection: apis.data.go.kr. Connection pool size: 10
2026-03-20 14:48:44,599 [WARNING] Connection pool is full, discarding connection: apis.data.go.kr. Connection pool size: 10
2026-03-20 14:48:45,199 [WARNING] Connection pool is full, discarding connection: apis.data.go.kr. Connection pool size: 10
2026-03-20 14:48:45,203 [WARNING] Connection pool is full, discarding connection: apis.data.go.kr. Connection pool size: 10
2026-03-20 14:48:45,206 [WARNING] Connection pool is full, discarding connection: apis.data.go.kr. Connection pool size: 10
2026-03-20 14:48:45,390 [WARNING] Connection pool is full, discarding connection: apis.data.go.kr. Connection pool size: 10
2026-03-20 14:48:45,401 [WARNING] Connection pool is full, discarding connection: apis.data.go.kr. Connection pool size: 10
2026-03-20 14:48:45,404 [WARNING] Connection pool is full, discarding connection: apis.data.go.kr. Connection pool size: 10
2026-03-20 14:48:49,291 [WARNING] Connection pool is full, discarding connection: apis.data.go.kr. Connection pool size: 10
2026-03-20 14:48:49,292 [WARNING] Connection pool is full, discarding connection: apis.data.go.kr. Connection pool size: 10
2026-03-20 14:48:49,301 [WARNING] Connection pool is full, discarding connection: apis.data.go.kr. Connection pool size: 10
2026-03-20 14:48:49,301 [WARNING] Connection pool is full, discarding connection: apis.data.go.kr. Connection pool size: 10
2026-03-20 14:48:49,302 [WARNING] Connection pool is full, discarding connection: apis.data.go.kr. Connection pool size: 10
2026-03-20 14:48:49,308 [WARNING] Connection pool is full, discarding connection: apis.data.go.kr. Connection pool size: 10
2026-03-20 14:48:49,314 [WARNING] Connection pool is full, discarding connection: apis.data.go.kr. Connection pool size: 10
2026-03-20 14:48:49,331 [WARNING] Connection pool is full, discarding connection: apis.data.go.kr. Connection pool size: 10
2026-03-20 14:48:49,342 [WARNING] Connection pool is full, discarding connection: apis.data.go.kr. Connection pool size: 10
2026-03-20 14:48:49,381 [WARNING] Connection pool is full, discarding connection: apis.data.go.kr. Connection pool size: 10
2026-03-20 14:48:49,384 [INFO]       ... 241/5974 페이지 진행 중...
2026-03-20 14:48:52,688 [WARNING] Connection pool is full, discarding connection: apis.data.go.kr. Connection pool size: 10
2026-03-20 14:48:52,698 [WARNING] Connection pool is full, discarding connection: apis.data.go.kr. Connection pool size: 10
2026-03-20 14:48:52,708 [WARNING] Connection pool is full, discarding connection: apis.data.go.kr. Connection pool size: 10
2026-03-20 14:48:52,725 [WARNING] Connection pool is full, discarding connection: apis.data.go.kr. Connection pool size: 10
2026-03-20 14:48:52,734 [WARNING] Connection pool is full, discarding connection: apis.data.go.kr. Connection pool size: 10
2026-03-20 14:48:52,776 [WARNING] Connection pool is full, discarding connection: apis.data.go.kr. Connection pool size: 10
2026-03-20 14:48:52,844 [WARNING] Connection pool is full, discarding connection: apis.data.go.kr. Connection pool size: 10
2026-03-20 14:48:53,034 [WARNING] Connection pool is full, discarding connection: apis.data.go.kr. Connection pool size: 10
2026-03-20 14:48:53,043 [WARNING] Connection pool is full, discarding connection: apis.data.go.kr. Connection pool size: 10
2026-03-20 14:48:53,050 [WARNING] Connection pool is full, discarding connection: apis.data.go.kr. Connection pool size: 10
2026-03-20 14:48:56,774 [WARNING] Connection pool is full, discarding connection: apis.data.go.kr. Connection pool size: 10
2026-03-20 14:48:56,777 [WARNING] Connection pool is full, discarding connection: apis.data.go.kr. Connection pool size: 10
2026-03-20 14:48:56,787 [WARNING] Connection pool is full, discarding connection: apis.data.go.kr. Connection pool size: 10
2026-03-20 14:48:56,787 [WARNING] Connection pool is full, discarding connection: apis.data.go.kr. Connection pool size: 10
2026-03-20 14:48:56,791 [WARNING] Connection pool is full, discarding connection: apis.data.go.kr. Connection pool size: 10
2026-03-20 14:48:56,791 [WARNING] Connection pool is full, discarding connection: apis.data.go.kr. Connection pool size: 10
2026-03-20 14:48:56,796 [WARNING] Connection pool is full, discarding connection: apis.data.go.kr. Connection pool size: 10
2026-03-20 14:48:56,796 [WARNING] Connection pool is full, discarding connection: apis.data.go.kr. Connection pool size: 10
2026-03-20 14:48:56,816 [WARNING] Connection pool is full, discarding connection: apis.data.go.kr. Connection pool size: 10
2026-03-20 14:48:56,986 [WARNING] Connection pool is full, discarding connection: apis.data.go.kr. Connection pool size: 10
2026-03-20 14:48:56,987 [INFO]       ... 321/5974 페이지 진행 중...
2026-03-20 14:49:01,075 [WARNING] Connection pool is full, discarding connection: apis.data.go.kr. Connection pool size: 10
2026-03-20 14:49:01,093 [WARNING] Connection pool is full, discarding connection: apis.data.go.kr. Connection pool size: 10
2026-03-20 14:49:01,133 [WARNING] Connection pool is full, discarding connection: apis.data.go.kr. Connection pool size: 10
2026-03-20 14:49:01,194 [WARNING] Connection pool is full, discarding connection: apis.data.go.kr. Connection pool size: 10
2026-03-20 14:49:01,220 [WARNING] Connection pool is full, discarding connection: apis.data.go.kr. Connection pool size: 10
2026-03-20 14:49:01,256 [WARNING] Connection pool is full, discarding connection: apis.data.go.kr. Connection pool size: 10
2026-03-20 14:49:01,360 [WARNING] Connection pool is full, discarding connection: apis.data.go.kr. Connection pool size: 10
2026-03-20 14:49:01,404 [WARNING] Connection pool is full, discarding connection: apis.data.go.kr. Connection pool size: 10
2026-03-20 14:49:01,437 [WARNING] Connection pool is full, discarding connection: apis.data.go.kr. Connection pool size: 10
2026-03-20 14:49:01,596 [WARNING] Connection pool is full, discarding connection: apis.data.go.kr. Connection pool size: 10
2026-03-20 14:49:05,726 [WARNING] Connection pool is full, discarding connection: apis.data.go.kr. Connection pool size: 10
2026-03-20 14:49:05,735 [WARNING] Connection pool is full, discarding connection: apis.data.go.kr. Connection pool size: 10
2026-03-20 14:49:05,738 [WARNING] Connection pool is full, discarding connection: apis.data.go.kr. Connection pool size: 10
2026-03-20 14:49:06,084 [WARNING] Connection pool is full, discarding connection: apis.data.go.kr. Connection pool size: 10
2026-03-20 14:49:06,084 [WARNING] Connection pool is full, discarding connection: apis.data.go.kr. Connection pool size: 10
2026-03-20 14:49:06,085 [WARNING] Connection pool is full, discarding connection: apis.data.go.kr. Connection pool size: 10
2026-03-20 14:49:06,091 [WARNING] Connection pool is full, discarding connection: apis.data.go.kr. Connection pool size: 10
2026-03-20 14:49:06,101 [WARNING] Connection pool is full, discarding connection: apis.data.go.kr. Connection pool size: 10
2026-03-20 14:49:06,101 [WARNING] Connection pool is full, discarding connection: apis.data.go.kr. Connection pool size: 10
2026-03-20 14:49:06,276 [WARNING] Connection pool is full, discarding connection: apis.data.go.kr. Connection pool size: 10
2026-03-20 14:49:06,277 [INFO]       ... 401/5974 페이지 진행 중...
2026-03-20 14:49:10,369 [WARNING] Connection pool is full, discarding connection: apis.data.go.kr. Connection pool size: 10
2026-03-20 14:49:10,397 [WARNING] Connection pool is full, discarding connection: apis.data.go.kr. Connection pool size: 10
2026-03-20 14:49:10,414 [WARNING] Connection pool is full, discarding connection: apis.data.go.kr. Connection pool size: 10
2026-03-20 14:49:10,431 [WARNING] Connection pool is full, discarding connection: apis.data.go.kr. Connection pool size: 10
2026-03-20 14:49:10,443 [WARNING] Connection pool is full, discarding connection: apis.data.go.kr. Connection pool size: 10
2026-03-20 14:49:10,455 [WARNING] Connection pool is full, discarding connection: apis.data.go.kr. Connection pool size: 10
2026-03-20 14:49:10,903 [WARNING] Connection pool is full, discarding connection: apis.data.go.kr. Connection pool size: 10
2026-03-20 14:49:10,909 [WARNING] Connection pool is full, discarding connection: apis.data.go.kr. Connection pool size: 10
2026-03-20 14:49:10,912 [WARNING] Connection pool is full, discarding connection: apis.data.go.kr. Connection pool size: 10
2026-03-20 14:49:10,915 [WARNING] Connection pool is full, discarding connection: apis.data.go.kr. Connection pool size: 10
2026-03-20 14:49:15,362 [WARNING] Connection pool is full, discarding connection: apis.data.go.kr. Connection pool size: 10
2026-03-20 14:49:15,392 [WARNING] Connection pool is full, discarding connection: apis.data.go.kr. Connection pool size: 10
2026-03-20 14:49:15,399 [WARNING] Connection pool is full, discarding connection: apis.data.go.kr. Connection pool size: 10
2026-03-20 14:49:15,420 [WARNING] Connection pool is full, discarding connection: apis.data.go.kr. Connection pool size: 10
2026-03-20 14:49:15,435 [WARNING] Connection pool is full, discarding connection: apis.data.go.kr. Connection pool size: 10
2026-03-20 14:49:15,442 [WARNING] Connection pool is full, discarding connection: apis.data.go.kr. Connection pool size: 10
2026-03-20 14:49:15,836 [WARNING] Connection pool is full, discarding connection: apis.data.go.kr. Connection pool size: 10
2026-03-20 14:49:15,839 [WARNING] Connection pool is full, discarding connection: apis.data.go.kr. Connection pool size: 10
2026-03-20 14:49:15,852 [WARNING] Connection pool is full, discarding connection: apis.data.go.kr. Connection pool size: 10
2026-03-20 14:49:15,853 [WARNING] Connection pool is full, discarding connection: apis.data.go.kr. Connection pool size: 10
2026-03-20 14:49:15,857 [INFO]       ... 481/5974 페이지 진행 중...
2026-03-20 14:49:20,655 [WARNING] Connection pool is full, discarding connection: apis.data.go.kr. Connection pool size: 10
2026-03-20 14:49:20,700 [WARNING] Connection pool is full, discarding connection: apis.data.go.kr. Connection pool size: 10
2026-03-20 14:49:20,793 [WARNING] Connection pool is full, discarding connection: apis.data.go.kr. Connection pool size: 10
2026-03-20 14:49:20,802 [WARNING] Connection pool is full, discarding connection: apis.data.go.kr. Connection pool size: 10
2026-03-20 14:49:20,838 [WARNING] Connection pool is full, discarding connection: apis.data.go.kr. Connection pool size: 10
2026-03-20 14:49:20,838 [WARNING] Connection pool is full, discarding connection: apis.data.go.kr. Connection pool size: 10
2026-03-20 14:49:20,841 [WARNING] Connection pool is full, discarding connection: apis.data.go.kr. Connection pool size: 10
2026-03-20 14:49:20,845 [WARNING] Connection pool is full, discarding connection: apis.data.go.kr. Connection pool size: 10
2026-03-20 14:49:20,848 [WARNING] Connection pool is full, discarding connection: apis.data.go.kr. Connection pool size: 10
2026-03-20 14:49:20,996 [WARNING] Connection pool is full, discarding connection: apis.data.go.kr. Connection pool size: 10
2026-03-20 14:49:26,369 [WARNING] Connection pool is full, discarding connection: apis.data.go.kr. Connection pool size: 10
2026-03-20 14:49:26,377 [WARNING] Connection pool is full, discarding connection: apis.data.go.kr. Connection pool size: 10
2026-03-20 14:49:26,397 [WARNING] Connection pool is full, discarding connection: apis.data.go.kr. Connection pool size: 10
2026-03-20 14:49:26,424 [WARNING] Connection pool is full, discarding connection: apis.data.go.kr. Connection pool size: 10
2026-03-20 14:49:26,447 [WARNING] Connection pool is full, discarding connection: apis.data.go.kr. Connection pool size: 10
2026-03-20 14:49:26,532 [WARNING] Connection pool is full, discarding connection: apis.data.go.kr. Connection pool size: 10
2026-03-20 14:49:26,541 [WARNING] Connection pool is full, discarding connection: apis.data.go.kr. Connection pool size: 10
2026-03-20 14:49:26,588 [WARNING] Connection pool is full, discarding connection: apis.data.go.kr. Connection pool size: 10
2026-03-20 14:49:26,611 [WARNING] Connection pool is full, discarding connection: apis.data.go.kr. Connection pool size: 10
2026-03-20 14:49:27,108 [WARNING] Connection pool is full, discarding connection: apis.data.go.kr. Connection pool size: 10
