2026-03-19 16:28:22,648 [INFO] ✅ 기초 자료 및 칼럼 매핑 파일 로드 성공
2026-03-19 16:28:22,648 [INFO] 🚀 [서울, 경기, 강원] 타겟 수집 시작 (전수 조사 모드)
2026-03-19 16:28:22,648 [INFO] 🔎 [1] 행정안전부_동물_동물판매업 조회서비스 시작...
2026-03-19 16:28:22,714 [INFO]    ℹ️ 해당 지역의 데이터가 없습니다.
2026-03-19 16:28:23,219 [INFO] 🔎 [2] 행정안전부_동물_가축사육업 조회서비스 시작...
2026-03-19 16:28:23,231 [INFO]    ℹ️ 해당 지역의 데이터가 없습니다.
2026-03-19 16:28:23,736 [INFO] 🔎 [3] 행정안전부_동물_가축인공수정소 조회서비스 시작...
2026-03-19 16:28:23,747 [INFO]    ℹ️ 해당 지역의 데이터가 없습니다.
2026-03-19 16:28:24,252 [INFO] 🔎 [4] 행정안전부_동물_도축업 조회서비스 시작...
2026-03-19 16:28:24,266 [INFO]    ℹ️ 해당 지역의 데이터가 없습니다.
2026-03-19 16:28:24,772 [INFO] 🔎 [5] 행정안전부_동물_부화업 조회서비스 시작...
2026-03-19 16:28:25,462 [INFO]    ℹ️ 해당 지역의 데이터가 없습니다.
2026-03-19 16:28:25,966 [INFO] 🔎 [6] 행정안전부_동물_사료제조업 조회서비스 시작...
2026-03-19 16:28:26,884 [INFO]    ℹ️ 해당 지역의 데이터가 없습니다.
2026-03-19 16:28:27,385 [INFO] 🔎 [7] 행정안전부_동물_종축업 조회서비스 시작...
2026-03-19 16:28:27,397 [INFO]    ℹ️ 해당 지역의 데이터가 없습니다.
2026-03-19 16:28:27,899 [INFO] 🔎 [8] 행정안전부_식품_위탁급식영업 조회서비스 시작...
2026-03-19 16:28:28,318 [INFO]    ℹ️ 해당 지역의 데이터가 없습니다.
2026-03-19 16:28:28,825 [INFO] 🔎 [9] 행정안전부_식품_건강기능식품유통전문판매업 조회서비스 시작...
2026-03-19 16:28:29,959 [INFO]    ℹ️ 해당 지역의 데이터가 없습니다.
2026-03-19 16:28:30,466 [INFO] 🔎 [10] 행정안전부_식품_건강기능식품일반판매업 조회서비스 시작...
2026-03-19 16:28:30,814 [INFO]    ℹ️ 해당 지역의 데이터가 없습니다.
2026-03-19 16:28:31,320 [INFO] 🔎 [11] 행정안전부_식품_식용얼음판매업 조회서비스 시작...
2026-03-19 16:28:31,367 [INFO]    ℹ️ 해당 지역의 데이터가 없습니다.
2026-03-19 16:28:31,874 [INFO] 🔎 [12] 행정안전부_식품_식육포장처리업 조회서비스 시작...
2026-03-19 16:28:31,905 [INFO]    ℹ️ 해당 지역의 데이터가 없습니다.
2026-03-19 16:28:32,412 [INFO] 🔎 [13] 행정안전부_식품_식품냉동냉장업 조회서비스 시작...
2026-03-19 16:28:32,427 [INFO]    ℹ️ 해당 지역의 데이터가 없습니다.
2026-03-19 16:28:32,933 [INFO] 🔎 [14] 행정안전부_식품_식품소분업 조회서비스 시작...
2026-03-19 16:28:32,952 [INFO]    ℹ️ 해당 지역의 데이터가 없습니다.
2026-03-19 16:28:33,455 [INFO] 🔎 [15] 행정안전부_식품_식품운반업 조회서비스 시작...
2026-03-19 16:28:33,473 [INFO]    ℹ️ 해당 지역의 데이터가 없습니다.
2026-03-19 16:28:33,988 [INFO] 🔎 [159] 행정안전부_기타_담배수입판매업체 조회서비스 시작...
2026-03-19 16:30:40,306 [ERROR]    [Error] API 호출 오류: HTTPSConnectionPool(host='apis.data.go.kr', port=443): Max retries exceeded with url: /1741000/tobacco_import_retailers?serviceKey=DvyS97s%252FWyCWPJjBU7bvoebRE%252B4lxRphMHewhAcQQrGMPT%252F8PcP0bOCO8bTs2b7H25qViKWruSqim57HphOAjA%253D%253D&pageNo=1&numOfRows=1000&type=json (Caused by ResponseError('too many 500 error responses'))
2026-03-19 16:30:40,309 [INFO]    ℹ️ 해당 지역의 데이터가 없습니다.
2026-03-19 16:30:40,820 [WARNING] ⚠️ 수집된 데이터가 없어 압축 파일을 생성하지 못했습니다.
2026-03-19 16:30:40,820 [INFO] ✨ 모든 작업이 종료되었습니다.
2026-03-19 16:38:59,103 [INFO] ✅ 기초 자료 및 칼럼 매핑 파일 로드 성공
2026-03-19 16:38:59,104 [INFO] 🚀 [서울, 경기, 강원] 타겟 수집 시작 (전수 조사 모드)
2026-03-19 16:38:59,104 [INFO] 🔎 [1] 행정안전부_동물_동물판매업 조회서비스 시작...
2026-03-19 16:39:00,367 [INFO]    [INFO] 총 데이터: 9492건, 예상 페이지: 19장
2026-03-19 16:39:08,163 [INFO]    ... 19/19 페이지 완료 (대상 데이터 870건 누적)
2026-03-19 16:39:08,268 [INFO]    ✅ 수집 완료: 870건 저장됨
2026-03-19 16:39:08,775 [INFO] 🔎 [2] 행정안전부_동물_가축사육업 조회서비스 시작...
2026-03-19 16:39:08,944 [INFO]    [INFO] 총 데이터: 198684건, 예상 페이지: 398장
2026-03-19 16:39:13,377 [INFO]    ... 20/398 페이지 완료 (대상 데이터 258건 누적)
2026-03-19 16:39:19,208 [INFO]    ... 40/398 페이지 완료 (대상 데이터 601건 누적)
2026-03-19 16:39:25,595 [INFO]    ... 60/398 페이지 완료 (대상 데이터 959건 누적)
2026-03-19 16:39:32,415 [INFO]    ... 80/398 페이지 완료 (대상 데이터 1317건 누적)
2026-03-19 16:39:39,004 [INFO]    ... 100/398 페이지 완료 (대상 데이터 1661건 누적)
2026-03-19 16:39:49,412 [INFO]    ... 120/398 페이지 완료 (대상 데이터 1995건 누적)
2026-03-19 16:40:02,741 [INFO]    ... 140/398 페이지 완료 (대상 데이터 2340건 누적)
2026-03-19 16:40:35,081 [INFO]    ... 160/398 페이지 완료 (대상 데이터 2670건 누적)
2026-03-19 16:40:50,437 [INFO]    ... 180/398 페이지 완료 (대상 데이터 3021건 누적)
2026-03-19 16:41:09,095 [INFO]    ... 200/398 페이지 완료 (대상 데이터 3358건 누적)
2026-03-19 16:41:33,293 [INFO]    ... 220/398 페이지 완료 (대상 데이터 3725건 누적)
2026-03-19 16:41:53,520 [INFO]    ... 240/398 페이지 완료 (대상 데이터 4056건 누적)
2026-03-19 16:42:21,886 [INFO]    ... 260/398 페이지 완료 (대상 데이터 4402건 누적)
2026-03-19 16:42:43,493 [INFO]    ... 280/398 페이지 완료 (대상 데이터 4745건 누적)
2026-03-19 16:43:08,477 [INFO]    ... 300/398 페이지 완료 (대상 데이터 5122건 누적)
2026-03-19 16:43:23,868 [INFO]    ... 320/398 페이지 완료 (대상 데이터 5507건 누적)
2026-03-19 16:43:39,200 [INFO]    ... 340/398 페이지 완료 (대상 데이터 5851건 누적)
2026-03-19 16:44:05,209 [INFO]    ... 360/398 페이지 완료 (대상 데이터 6175건 누적)
2026-03-19 16:44:23,958 [INFO]    ... 380/398 페이지 완료 (대상 데이터 6512건 누적)
2026-03-19 16:44:38,547 [INFO]    ... 398/398 페이지 완료 (대상 데이터 6807건 누적)
2026-03-19 16:44:38,651 [INFO]    ✅ 수집 완료: 6807건 저장됨
2026-03-19 16:44:39,157 [INFO] 🔎 [3] 행정안전부_동물_가축인공수정소 조회서비스 시작...
2026-03-19 16:44:39,256 [INFO]    [INFO] 총 데이터: 3858건, 예상 페이지: 8장
2026-03-19 16:44:41,306 [INFO]    ... 8/8 페이지 완료 (대상 데이터 281건 누적)
2026-03-19 16:44:41,408 [INFO]    ✅ 수집 완료: 281건 저장됨
2026-03-19 16:44:41,909 [INFO] 🔎 [4] 행정안전부_동물_도축업 조회서비스 시작...
2026-03-19 16:44:42,023 [INFO]    [INFO] 총 데이터: 202건, 예상 페이지: 1장
2026-03-19 16:44:42,026 [INFO]    ... 1/1 페이지 완료 (대상 데이터 18건 누적)
2026-03-19 16:44:42,131 [INFO]    ✅ 수집 완료: 18건 저장됨
2026-03-19 16:44:42,633 [INFO] 🔎 [5] 행정안전부_동물_부화업 조회서비스 시작...
2026-03-19 16:44:42,737 [INFO]    [INFO] 총 데이터: 459건, 예상 페이지: 1장
2026-03-19 16:44:42,739 [INFO]    ... 1/1 페이지 완료 (대상 데이터 9건 누적)
2026-03-19 16:44:42,844 [INFO]    ✅ 수집 완료: 9건 저장됨
2026-03-19 16:44:43,350 [INFO] 🔎 [6] 행정안전부_동물_사료제조업 조회서비스 시작...
2026-03-19 16:44:43,470 [INFO]    [INFO] 총 데이터: 16457건, 예상 페이지: 33장
2026-03-19 16:44:49,182 [INFO]    ... 20/33 페이지 완료 (대상 데이터 881건 누적)
2026-03-19 16:44:53,268 [INFO]    ... 33/33 페이지 완료 (대상 데이터 1656건 누적)
2026-03-19 16:44:53,375 [INFO]    ✅ 수집 완료: 1656건 저장됨
2026-03-19 16:44:53,878 [INFO] 🔎 [7] 행정안전부_동물_종축업 조회서비스 시작...
2026-03-19 16:44:53,996 [INFO]    [INFO] 총 데이터: 1629건, 예상 페이지: 4장
2026-03-19 16:44:54,739 [INFO]    ... 4/4 페이지 완료 (대상 데이터 53건 누적)
2026-03-19 16:44:54,845 [INFO]    ✅ 수집 완료: 53건 저장됨
2026-03-19 16:44:55,352 [INFO] 🔎 [8] 행정안전부_식품_위탁급식영업 조회서비스 시작...
2026-03-19 16:44:55,461 [INFO]    [INFO] 총 데이터: 36593건, 예상 페이지: 74장
2026-03-19 16:45:04,816 [INFO]    ... 20/74 페이지 완료 (대상 데이터 1410건 누적)
2026-03-19 16:45:14,014 [INFO]    ... 40/74 페이지 완료 (대상 데이터 1676건 누적)
2026-03-19 16:45:28,469 [INFO]    ... 60/74 페이지 완료 (대상 데이터 2726건 누적)
2026-03-19 16:45:42,688 [INFO]    ... 74/74 페이지 완료 (대상 데이터 3147건 누적)
2026-03-19 16:45:42,789 [INFO]    ✅ 수집 완료: 3147건 저장됨
2026-03-19 16:45:43,294 [INFO] 🔎 [9] 행정안전부_식품_건강기능식품유통전문판매업 조회서비스 시작...
2026-03-19 16:45:44,746 [INFO]    [INFO] 총 데이터: 14686건, 예상 페이지: 30장
2026-03-19 16:45:55,400 [INFO]    ... 20/30 페이지 완료 (대상 데이터 1784건 누적)
2026-03-19 16:45:58,822 [INFO]    ... 30/30 페이지 완료 (대상 데이터 2544건 누적)
2026-03-19 16:45:58,926 [INFO]    ✅ 수집 완료: 2544건 저장됨
2026-03-19 16:45:59,430 [INFO] 🔎 [10] 행정안전부_식품_건강기능식품일반판매업 조회서비스 시작...
2026-03-19 16:45:59,997 [INFO]    [INFO] 총 데이터: 429357건, 예상 페이지: 859장
2026-03-19 16:46:05,311 [INFO]    ... 20/859 페이지 완료 (대상 데이터 1094건 누적)
2026-03-19 16:46:12,179 [INFO]    ... 40/859 페이지 완료 (대상 데이터 2171건 누적)
2026-03-19 16:46:18,675 [INFO]    ... 60/859 페이지 완료 (대상 데이터 3268건 누적)
2026-03-19 16:46:28,571 [INFO]    ... 80/859 페이지 완료 (대상 데이터 4323건 누적)
2026-03-19 16:46:38,154 [INFO]    ... 100/859 페이지 완료 (대상 데이터 5411건 누적)
2026-03-19 16:46:47,917 [INFO]    ... 120/859 페이지 완료 (대상 데이터 6494건 누적)
2026-03-19 16:46:57,542 [INFO]    ... 140/859 페이지 완료 (대상 데이터 7577건 누적)
2026-03-19 16:47:12,503 [INFO]    ... 160/859 페이지 완료 (대상 데이터 8657건 누적)
