2026-03-19 17:57:04,635 [INFO] ==========================================
2026-03-19 17:57:04,635 [INFO] 매일 자동 동기화 시작: 2026-03-19 17:57:04
2026-03-19 17:57:04,635 [INFO] 1단계: 데이터 추출 엔진 가동...
2026-03-19 18:03:59,750 [INFO] 성공: python3... 완료
2026-03-19 18:03:59,750 [INFO] 2단계: 깃허브 자동 커밋 및 푸시...
2026-03-19 18:04:00,428 [INFO] 성공: git... 완료
2026-03-19 18:04:00,505 [INFO] 성공: git... 완료
2026-03-19 18:04:00,505 [INFO] 3단계: 원격 저장소로 푸시 중...
2026-03-19 18:04:01,380 [ERROR] 실패: git push origin main
Error: To https://github.com/bough38-web/field-sales-assistant.git
 ! [rejected]        main -> main (fetch first)
error: failed to push some refs to 'https://github.com/bough38-web/field-sales-assistant.git'
hint: Updates were rejected because the remote contains work that you do not
hint: have locally. This is usually caused by another repository pushing to
hint: the same ref. If you want to integrate the remote changes, use
hint: 'git pull' before pushing again.
hint: See the 'Note about fast-forwards' in 'git push --help' for details.

2026-03-19 18:04:01,381 [ERROR] 푸시 실패. 네트워크 상태나 권한을 확인하세요.
2026-03-20 01:06:48,630 [INFO] ==========================================
2026-03-20 01:06:48,630 [INFO] 매일 자동 동기화 시작: 2026-03-20 01:06:48
2026-03-20 01:06:48,630 [INFO] 1단계: 데이터 추출 엔진 가동...
2026-03-20 01:17:08,671 [INFO] 성공: python3... 완료
2026-03-20 01:17:08,671 [INFO] 2단계: 깃허브 자동 커밋 및 푸시...
2026-03-21 01:02:30,752 [INFO] ==========================================
2026-03-21 01:02:30,752 [INFO] 매일 자동 동기화 시작: 2026-03-21 01:02:30
2026-03-21 01:02:30,752 [INFO] 1단계: 데이터 추출 엔진 가동...
2026-03-21 01:03:58,410 [INFO] 성공: python3... 완료
2026-03-21 01:03:58,410 [INFO] 2단계: 깃허브 자동 커밋 및 푸시...
2026-03-22 01:09:58,081 [INFO] ==========================================
2026-03-22 01:09:58,081 [INFO] 매일 자동 동기화 시작: 2026-03-22 01:09:58
2026-03-22 01:09:58,081 [INFO] 1단계: 데이터 추출 엔진 가동...
2026-03-22 01:11:27,100 [INFO] 성공: python3... 완료
2026-03-22 01:11:27,100 [INFO] 2단계: 깃허브 자동 커밋 및 푸시...
2026-04-11 02:55:52,086 [INFO] ==========================================
2026-04-11 02:55:52,086 [INFO] 매일 자동 동기화 시작: 2026-04-11 02:55:52
2026-04-11 02:55:52,086 [INFO] 1단계: 데이터 추출 엔진 가동...
2026-04-11 07:27:35,758 [INFO] 성공: python3... 완료
2026-04-11 07:27:35,759 [INFO] 2단계: 깃허브 자동 커밋 및 푸시...
2026-04-12 03:36:51,854 [INFO] ==========================================
2026-04-12 03:36:51,854 [INFO] 매일 자동 동기화 시작: 2026-04-12 03:36:51
2026-04-12 03:36:51,854 [INFO] 1단계: 데이터 추출 엔진 가동...
2026-04-12 07:25:56,907 [INFO] 성공: python3... 완료
2026-04-12 07:25:56,907 [INFO] 2단계: 깃허브 자동 커밋 및 푸시...
2026-04-13 03:43:21,485 [INFO] ==========================================
2026-04-13 03:43:21,485 [INFO] 매일 자동 동기화 시작: 2026-04-13 03:43:21
2026-04-13 03:43:21,486 [INFO] 1단계: 데이터 추출 엔진 가동...
2026-04-13 05:18:44,611 [INFO] 성공: python3... 완료
2026-04-13 05:18:44,611 [INFO] 2단계: 깃허브 자동 커밋 및 푸시...
2026-04-14 03:32:10,450 [INFO] ==========================================
2026-04-14 03:32:10,450 [INFO] 매일 자동 동기화 시작: 2026-04-14 03:32:10
2026-04-14 03:32:10,450 [INFO] 1단계: 데이터 추출 엔진 가동...
2026-04-14 07:40:36,092 [INFO] 성공: python3... 완료
2026-04-14 07:40:36,092 [INFO] 2단계: 깃허브 자동 커밋 및 푸시...
2026-04-15 03:31:40,570 [INFO] ==========================================
2026-04-15 03:31:40,570 [INFO] 매일 자동 동기화 시작: 2026-04-15 03:31:40
2026-04-15 03:31:40,570 [INFO] 1단계: 데이터 추출 엔진 가동...
2026-04-15 07:35:46,501 [INFO] 성공: python3... 완료
2026-04-15 07:35:46,501 [INFO] 2단계: 깃허브 자동 커밋 및 푸시...
2026-04-18 03:22:04,720 [INFO] ==========================================
2026-04-18 03:22:04,720 [INFO] 매일 자동 동기화 시작: 2026-04-18 03:22:04
2026-04-18 03:22:04,720 [INFO] 1단계: 데이터 추출 엔진 가동...
2026-04-18 07:45:54,369 [INFO] 성공: python3... 완료
2026-04-18 07:45:54,370 [INFO] 2단계: 깃허브 자동 커밋 및 푸시...
2026-04-20 03:43:07,222 [INFO] ==========================================
2026-04-20 03:43:07,222 [INFO] 매일 자동 동기화 시작: 2026-04-20 03:43:07
2026-04-20 03:43:07,222 [INFO] 1단계: 데이터 추출 엔진 가동...
2026-04-20 05:44:46,808 [INFO] 성공: python3... 완료
2026-04-20 05:44:46,809 [INFO] 2단계: 깃허브 자동 커밋 및 푸시...
2026-04-28 03:56:13,463 [INFO] ==========================================
2026-04-28 03:56:13,463 [INFO] 매일 자동 동기화 시작: 2026-04-28 03:56:13
2026-04-28 03:56:13,463 [INFO] 1단계: 데이터 추출 엔진 가동...
2026-04-28 05:50:00,595 [INFO] 성공: python3... 완료
2026-04-28 05:50:00,596 [INFO] 2단계: 깃허브 자동 커밋 및 푸시...
2026-04-30 03:54:23,627 [INFO] ==========================================
2026-04-30 03:54:23,627 [INFO] 매일 자동 동기화 시작: 2026-04-30 03:54:23
2026-04-30 03:54:23,627 [INFO] 1단계: 데이터 추출 엔진 가동...
2026-04-30 09:33:50,353 [INFO] 성공: python3... 완료
2026-04-30 09:33:50,354 [INFO] 2단계: 깃허브 자동 커밋 및 푸시...
